Using pre-set license
Built from '2020.3/staging' branch; Version is '2020.3.4f1 (0abb6314276a) revision 703331'; Using compiler version '192528614'; Build Type 'Release'
OS: 'Windows 10 Home; OS build 19042.964; Version 2009; 64bit' Language: 'es' Physical Memory: 7873 MB
BatchMode: 1, IsHumanControllingUs: 0, StartBugReporterOnCrash: 0, Is64bit: 1, IsPro: 0

 COMMAND LINE ARGUMENTS:
C:\Program Files\Unity\Hub\Editor\2020.3.4f1\Editor\Unity.exe
-adb2
-batchMode
-noUpm
-name
AssetImportWorker0
-projectPath
C:/Users/Jhoan Rodriguez/Desktop/AR-VR HBTN/holbertonschool-unity/0x04-unity_publishing
-logFile
Logs/AssetImportWorker0.log
-srvPort
60795
Successfully changed project path to: C:/Users/Jhoan Rodriguez/Desktop/AR-VR HBTN/holbertonschool-unity/0x04-unity_publishing
C:/Users/Jhoan Rodriguez/Desktop/AR-VR HBTN/holbertonschool-unity/0x04-unity_publishing
Using Asset Import Pipeline V2.
Refreshing native plugins compatible for Editor in 55.26 ms, found 0 plugins.
Preloading 0 native plugins for Editor in 0.00 ms.
Initialize engine version: 2020.3.4f1 (0abb6314276a)
[Subsystems] Discovering subsystems at path C:/Program Files/Unity/Hub/Editor/2020.3.4f1/Editor/Data/Resources/UnitySubsystems
[Subsystems] Discovering subsystems at path C:/Users/Jhoan Rodriguez/Desktop/AR-VR HBTN/holbertonschool-unity/0x04-unity_publishing/Assets
GfxDevice: creating device client; threaded=0
Direct3D:
    Version:  Direct3D 11.0 [level 11.1]
    Renderer: Radeon RX 560X (ID=0x67ef)
    Vendor:   
    VRAM:     4076 MB
    Driver:   26.20.12036.4002
Initialize mono
Mono path[0] = 'C:/Program Files/Unity/Hub/Editor/2020.3.4f1/Editor/Data/Managed'
Mono path[1] = 'C:/Program Files/Unity/Hub/Editor/2020.3.4f1/Editor/Data/MonoBleedingEdge/lib/mono/unityjit'
Mono config path = 'C:/Program Files/Unity/Hub/Editor/2020.3.4f1/Editor/Data/MonoBleedingEdge/etc'
Using monoOptions --debugger-agent=transport=dt_socket,embedding=1,server=y,suspend=n,address=127.0.0.1:56964
Begin MonoManager ReloadAssembly
Registering precompiled unity dll's ...
Register platform support module: C:/Program Files/Unity/Hub/Editor/2020.3.4f1/Editor/Data/PlaybackEngines/WebGLSupport/UnityEditor.WebGL.Extensions.dll
Register platform support module: C:/Program Files/Unity/Hub/Editor/2020.3.4f1/Editor/Data/PlaybackEngines/WindowsStandaloneSupport/UnityEditor.WindowsStandalone.Extensions.dll
Register platform support module: C:/Program Files/Unity/Hub/Editor/2020.3.4f1/Editor/Data/PlaybackEngines/LinuxStandaloneSupport/UnityEditor.LinuxStandalone.Extensions.dll
Registered in 0.003860 seconds.
Native extension for LinuxStandalone target not found
Native extension for WindowsStandalone target not found
Native extension for WebGL target not found
Refreshing native plugins compatible for Editor in 49.43 ms, found 0 plugins.
Preloading 0 native plugins for Editor in 0.00 ms.
Mono: successfully reloaded assembly
- Completed reload, in  2.446 seconds
Platform modules already initialized, skipping
Registering precompiled user dll's ...
Registered in 0.003196 seconds.
Begin MonoManager ReloadAssembly
Native extension for LinuxStandalone target not found
Native extension for WindowsStandalone target not found
Native extension for WebGL target not found
Refreshing native plugins compatible for Editor in 0.56 ms, found 0 plugins.
Preloading 0 native plugins for Editor in 0.00 ms.
Mono: successfully reloaded assembly
- Completed reload, in  1.158 seconds
Platform modules already initialized, skipping
========================================================================
Worker process is ready to serve import requests
Launched and connected shader compiler UnityShaderCompiler.exe after 0.06 seconds
Refreshing native plugins compatible for Editor in 0.49 ms, found 0 plugins.
Preloading 0 native plugins for Editor in 0.00 ms.
Unloading 1425 Unused Serialized files (Serialized files now loaded: 0)
System memory in use before: 65.8 MB.
System memory in use after: 65.9 MB.

Unloading 33 unused Assets to reduce memory usage. Loaded Objects now: 1856.
Total: 2.532800 ms (FindLiveObjects: 0.222600 ms CreateObjectMapping: 0.050600 ms MarkObjects: 2.169700 ms  DeleteObjects: 0.088700 ms)

========================================================================
Received Import Request.
  path: Assets/Images
  artifactKey: Guid(47572b402c96743419e93d2d36b2bc15) Importer(815301076,1909f56bfc062723c751e8b465ee728b)
Start importing Assets/Images using Guid(47572b402c96743419e93d2d36b2bc15) Importer(815301076,1909f56bfc062723c751e8b465ee728b)  -> (artifact id: 'd6c796c539cc231afeecb568398cb390') in 0.014967 seconds
  Import took 0.018335 seconds .

========================================================================
Received Import Request.
  Time since last request: 59.024629 seconds.
  path: Assets/Images/mazeicon.png
  artifactKey: Guid(5d77d93f95bf8814482bbcc685d57f68) Importer(815301076,1909f56bfc062723c751e8b465ee728b)
Start importing Assets/Images/mazeicon.png using Guid(5d77d93f95bf8814482bbcc685d57f68) Importer(815301076,1909f56bfc062723c751e8b465ee728b)  -> (artifact id: 'c7c7bd44d47c7ca3f40bbe06513db928') in 0.098002 seconds
  Import took 0.101915 seconds .

========================================================================
Received Import Request.
  Time since last request: 0.001306 seconds.
  path: Assets/Images/mazeicon.png
  artifactKey: Guid(5d77d93f95bf8814482bbcc685d57f68) Importer(815301076,1909f56bfc062723c751e8b465ee728b)
Start importing Assets/Images/mazeicon.png using Guid(5d77d93f95bf8814482bbcc685d57f68) Importer(815301076,1909f56bfc062723c751e8b465ee728b)  -> (artifact id: 'c7c7bd44d47c7ca3f40bbe06513db928') in 0.012209 seconds
  Import took 0.015734 seconds .

========================================================================
Received Import Request.
  Time since last request: 269.739140 seconds.
  path: Assets/Images/mazelogo.png
  artifactKey: Guid(18569f9bc56c2b045a3de61bf963fec1) Importer(815301076,1909f56bfc062723c751e8b465ee728b)
Start importing Assets/Images/mazelogo.png using Guid(18569f9bc56c2b045a3de61bf963fec1) Importer(815301076,1909f56bfc062723c751e8b465ee728b)  -> (artifact id: 'fb736335aa5bbb3a0613937b7e7d9fdf') in 0.021157 seconds
  Import took 0.024979 seconds .

========================================================================
Received Import Request.
  Time since last request: 11.553991 seconds.
  path: Packages/com.unity.2d.sprite/Editor/ObjectMenuCreation/DefaultAssets/Textures/9-Sliced.png
  artifactKey: Guid(71ebafeef3c03457483266a33ab2b270) Importer(815301076,1909f56bfc062723c751e8b465ee728b)
Start importing Packages/com.unity.2d.sprite/Editor/ObjectMenuCreation/DefaultAssets/Textures/9-Sliced.png using Guid(71ebafeef3c03457483266a33ab2b270) Importer(815301076,1909f56bfc062723c751e8b465ee728b)  -> (artifact id: '45bd30ecabce4cee645ead01b76bfd02') in 0.067499 seconds
  Import took 0.071349 seconds .

========================================================================
Received Import Request.
  Time since last request: 0.000249 seconds.
  path: Packages/com.unity.2d.sprite/Editor/ObjectMenuCreation/DefaultAssets/Textures/HexagonPointed-Top.png
  artifactKey: Guid(eed45a33cd08446c8b88325cf82fc52f) Importer(815301076,1909f56bfc062723c751e8b465ee728b)
Start importing Packages/com.unity.2d.sprite/Editor/ObjectMenuCreation/DefaultAssets/Textures/HexagonPointed-Top.png using Guid(eed45a33cd08446c8b88325cf82fc52f) Importer(815301076,1909f56bfc062723c751e8b465ee728b)  -> (artifact id: 'e5a2911a2a754555c9eab9d236efc59f') in 0.023410 seconds
  Import took 0.026666 seconds .

========================================================================
Received Import Request.
  Time since last request: 0.000225 seconds.
  path: Packages/com.unity.2d.sprite/Editor/ObjectMenuCreation/DefaultAssets/Textures/HexagonPointed-TopWithBorder.png
  artifactKey: Guid(4b2a04fdbe0ef4d8da8f90eaca817cd1) Importer(815301076,1909f56bfc062723c751e8b465ee728b)
Start importing Packages/com.unity.2d.sprite/Editor/ObjectMenuCreation/DefaultAssets/Textures/HexagonPointed-TopWithBorder.png using Guid(4b2a04fdbe0ef4d8da8f90eaca817cd1) Importer(815301076,1909f56bfc062723c751e8b465ee728b)  -> (artifact id: '5e700fb9721d535d012f0f710bfc38d8') in 0.022634 seconds
  Import took 0.026579 seconds .

========================================================================
Received Import Request.
  Time since last request: 0.000248 seconds.
  path: Packages/com.unity.2d.sprite/Editor/ObjectMenuCreation/DefaultAssets/Textures/HexagonFlat-TopWithBorder.png
  artifactKey: Guid(a9716c16a44a94eed9b5c90fbf4d9bdd) Importer(815301076,1909f56bfc062723c751e8b465ee728b)
Start importing Packages/com.unity.2d.sprite/Editor/ObjectMenuCreation/DefaultAssets/Textures/HexagonFlat-TopWithBorder.png using Guid(a9716c16a44a94eed9b5c90fbf4d9bdd) Importer(815301076,1909f56bfc062723c751e8b465ee728b)  -> (artifact id: '2b2ada4a34517bc2d9436b1d65852a5f') in 0.024331 seconds
  Import took 0.027689 seconds .

========================================================================
Received Import Request.
  Time since last request: 0.000218 seconds.
  path: Packages/com.unity.2d.sprite/Editor/ObjectMenuCreation/DefaultAssets/Textures/Capsule.png
  artifactKey: Guid(bd3cb4af8406d4436a2ae8c2aafe1f8d) Importer(815301076,1909f56bfc062723c751e8b465ee728b)
Start importing Packages/com.unity.2d.sprite/Editor/ObjectMenuCreation/DefaultAssets/Textures/Capsule.png using Guid(bd3cb4af8406d4436a2ae8c2aafe1f8d) Importer(815301076,1909f56bfc062723c751e8b465ee728b)  -> (artifact id: '3716e42a5da33ae18b3a330cf80c1f4c') in 0.021397 seconds
  Import took 0.024728 seconds .

========================================================================
Received Import Request.
  Time since last request: 0.000227 seconds.
  path: Packages/com.unity.2d.sprite/Editor/ObjectMenuCreation/DefaultAssets/Textures/HexagonFlat-Top.png
  artifactKey: Guid(16037dbd798344f57a526d53d48f5ead) Importer(815301076,1909f56bfc062723c751e8b465ee728b)
Start importing Packages/com.unity.2d.sprite/Editor/ObjectMenuCreation/DefaultAssets/Textures/HexagonFlat-Top.png using Guid(16037dbd798344f57a526d53d48f5ead) Importer(815301076,1909f56bfc062723c751e8b465ee728b)  -> (artifact id: 'cf3fca47810fd078131e9aff858fcb86') in 0.021211 seconds
  Import took 0.024840 seconds .

========================================================================
Received Import Request.
  Time since last request: 0.000389 seconds.
  path: Packages/com.unity.2d.sprite/Editor/ObjectMenuCreation/DefaultAssets/Textures/CircleMask.png
  artifactKey: Guid(87aaca0a643d54397ba969dab4fc8875) Importer(815301076,1909f56bfc062723c751e8b465ee728b)
Start importing Packages/com.unity.2d.sprite/Editor/ObjectMenuCreation/DefaultAssets/Textures/CircleMask.png using Guid(87aaca0a643d54397ba969dab4fc8875) Importer(815301076,1909f56bfc062723c751e8b465ee728b)  -> (artifact id: '2199ca18580ba7f41b69c2ab75285e79') in 0.021314 seconds
  Import took 0.025344 seconds .

========================================================================
Received Import Request.
  Time since last request: 0.000203 seconds.
  path: Packages/com.unity.2d.sprite/Editor/ObjectMenuCreation/DefaultAssets/Textures/9-SlicedWithBorder.png
  artifactKey: Guid(cc35afd292fc349128b36a291fb3a165) Importer(815301076,1909f56bfc062723c751e8b465ee728b)
Start importing Packages/com.unity.2d.sprite/Editor/ObjectMenuCreation/DefaultAssets/Textures/9-SlicedWithBorder.png using Guid(cc35afd292fc349128b36a291fb3a165) Importer(815301076,1909f56bfc062723c751e8b465ee728b)  -> (artifact id: '211b1e36a1c655bc42019f33ed3436b6') in 0.021608 seconds
  Import took 0.025231 seconds .

========================================================================
Received Import Request.
  Time since last request: 0.000368 seconds.
  path: Packages/com.unity.analytics/DataPrivacy/DataPrivacyIcon.png
  artifactKey: Guid(599a5fd92bab81a4ab02e52d0b1b1c60) Importer(815301076,1909f56bfc062723c751e8b465ee728b)
Start importing Packages/com.unity.analytics/DataPrivacy/DataPrivacyIcon.png using Guid(599a5fd92bab81a4ab02e52d0b1b1c60) Importer(815301076,1909f56bfc062723c751e8b465ee728b)  -> (artifact id: 'b613592dfb0c2c82b9938cde485911b0') in 0.020843 seconds
  Import took 0.023917 seconds .

========================================================================
Received Import Request.
  Time since last request: 0.000198 seconds.
  path: Packages/com.unity.2d.sprite/Editor/ObjectMenuCreation/DefaultAssets/Textures/Square.png
  artifactKey: Guid(48e93eef0688c4a259cb0eddcd8661f7) Importer(815301076,1909f56bfc062723c751e8b465ee728b)
Start importing Packages/com.unity.2d.sprite/Editor/ObjectMenuCreation/DefaultAssets/Textures/Square.png using Guid(48e93eef0688c4a259cb0eddcd8661f7) Importer(815301076,1909f56bfc062723c751e8b465ee728b)  -> (artifact id: '6d5529d783f6d477a5291ddda8591d46') in 0.021047 seconds
  Import took 0.024274 seconds .

========================================================================
Received Import Request.
  Time since last request: 0.000219 seconds.
  path: Packages/com.unity.2d.sprite/Editor/ObjectMenuCreation/DefaultAssets/Textures/Circle.png
  artifactKey: Guid(ebe73ca9363db456bacf42c025bb4847) Importer(815301076,1909f56bfc062723c751e8b465ee728b)
Start importing Packages/com.unity.2d.sprite/Editor/ObjectMenuCreation/DefaultAssets/Textures/Circle.png using Guid(ebe73ca9363db456bacf42c025bb4847) Importer(815301076,1909f56bfc062723c751e8b465ee728b)  -> (artifact id: 'be9a3232da7f47b3d52bee317d925481') in 0.020316 seconds
  Import took 0.024629 seconds .

========================================================================
Received Import Request.
  Time since last request: 0.000283 seconds.
  path: Packages/com.unity.2d.sprite/Editor/ObjectMenuCreation/DefaultAssets/Textures/CircleWithBorder.png
  artifactKey: Guid(4adeaf2d2b1c7417e89f026626d8264f) Importer(815301076,1909f56bfc062723c751e8b465ee728b)
Start importing Packages/com.unity.2d.sprite/Editor/ObjectMenuCreation/DefaultAssets/Textures/CircleWithBorder.png using Guid(4adeaf2d2b1c7417e89f026626d8264f) Importer(815301076,1909f56bfc062723c751e8b465ee728b)  -> (artifact id: '25d2d02e3fe4806b0fd3f2db72d24a47') in 0.019886 seconds
  Import took 0.023240 seconds .

========================================================================
Received Import Request.
  Time since last request: 0.000227 seconds.
  path: Packages/com.unity.2d.sprite/Editor/ObjectMenuCreation/DefaultAssets/Textures/SquareWithBorder.png
  artifactKey: Guid(db750325989564987a34393247d883b4) Importer(815301076,1909f56bfc062723c751e8b465ee728b)
Start importing Packages/com.unity.2d.sprite/Editor/ObjectMenuCreation/DefaultAssets/Textures/SquareWithBorder.png using Guid(db750325989564987a34393247d883b4) Importer(815301076,1909f56bfc062723c751e8b465ee728b)  -> (artifact id: '4acee8e9049f224873e42b96e8a6b070') in 0.021027 seconds
  Import took 0.023980 seconds .

========================================================================
Received Import Request.
  Time since last request: 0.000216 seconds.
  path: Packages/com.unity.2d.sprite/Editor/ObjectMenuCreation/DefaultAssets/Textures/IsometricDiamond.png
  artifactKey: Guid(045b15ec09bba42448d89db77fa6f20a) Importer(815301076,1909f56bfc062723c751e8b465ee728b)
Start importing Packages/com.unity.2d.sprite/Editor/ObjectMenuCreation/DefaultAssets/Textures/IsometricDiamond.png using Guid(045b15ec09bba42448d89db77fa6f20a) Importer(815301076,1909f56bfc062723c751e8b465ee728b)  -> (artifact id: '977dc2ad9e48d28af8c8c1e3c3362640') in 0.019325 seconds
  Import took 0.022528 seconds .

========================================================================
Received Import Request.
  Time since last request: 0.000255 seconds.
  path: Packages/com.unity.2d.sprite/Editor/ObjectMenuCreation/DefaultAssets/Textures/CapsuleWithBorder.png
  artifactKey: Guid(34587324d412940a79d530020c957dc0) Importer(815301076,1909f56bfc062723c751e8b465ee728b)
Start importing Packages/com.unity.2d.sprite/Editor/ObjectMenuCreation/DefaultAssets/Textures/CapsuleWithBorder.png using Guid(34587324d412940a79d530020c957dc0) Importer(815301076,1909f56bfc062723c751e8b465ee728b)  -> (artifact id: 'a8ebbdf85380b3d6c49478c27cfd6ab9') in 0.020197 seconds
  Import took 0.023794 seconds .

========================================================================
Received Import Request.
  Time since last request: 0.000320 seconds.
  path: Packages/com.unity.2d.sprite/Editor/ObjectMenuCreation/DefaultAssets/Textures/IsometricDiamondWithBorder.png
  artifactKey: Guid(0d267bc78a0864eb48358689b29ed20a) Importer(815301076,1909f56bfc062723c751e8b465ee728b)
Start importing Packages/com.unity.2d.sprite/Editor/ObjectMenuCreation/DefaultAssets/Textures/IsometricDiamondWithBorder.png using Guid(0d267bc78a0864eb48358689b29ed20a) Importer(815301076,1909f56bfc062723c751e8b465ee728b)  -> (artifact id: '0713a874b5a58adaeb06c812d4e1aa47') in 0.021572 seconds
  Import took 0.025328 seconds .

========================================================================
Received Import Request.
  Time since last request: 0.014418 seconds.
  path: Packages/com.unity.2d.sprite/Editor/ObjectMenuCreation/DefaultAssets/Textures/IsometricDiamondWithBorder.png
  artifactKey: Guid(0d267bc78a0864eb48358689b29ed20a) Importer(815301076,1909f56bfc062723c751e8b465ee728b)
Start importing Packages/com.unity.2d.sprite/Editor/ObjectMenuCreation/DefaultAssets/Textures/IsometricDiamondWithBorder.png using Guid(0d267bc78a0864eb48358689b29ed20a) Importer(815301076,1909f56bfc062723c751e8b465ee728b)  -> (artifact id: '0713a874b5a58adaeb06c812d4e1aa47') in 0.012890 seconds
  Import took 0.016259 seconds .

========================================================================
Received Import Request.
  Time since last request: 281.879067 seconds.
  path: Assets/Images/mazelogo.png
  artifactKey: Guid(18569f9bc56c2b045a3de61bf963fec1) Importer(815301076,1909f56bfc062723c751e8b465ee728b)
Start importing Assets/Images/mazelogo.png using Guid(18569f9bc56c2b045a3de61bf963fec1) Importer(815301076,1909f56bfc062723c751e8b465ee728b)  -> (artifact id: '48ba56bc22b0679cbe6ec6db69e1f1c5') in 0.023755 seconds
  Import took 0.026806 seconds .

========================================================================
Received Import Request.
  Time since last request: 0.153224 seconds.
  path: Assets/Images/mazelogo.png
  artifactKey: Guid(18569f9bc56c2b045a3de61bf963fec1) Importer(815301076,1909f56bfc062723c751e8b465ee728b)
Start importing Assets/Images/mazelogo.png using Guid(18569f9bc56c2b045a3de61bf963fec1) Importer(815301076,1909f56bfc062723c751e8b465ee728b)  -> (artifact id: '48ba56bc22b0679cbe6ec6db69e1f1c5') in 0.018456 seconds
  Import took 0.021702 seconds .

