Using pre-set license
Built from '2020.3/staging' branch; Version is '2020.3.4f1 (0abb6314276a) revision 703331'; Using compiler version '192528614'; Build Type 'Release'
OS: 'Windows 10 Home; OS build 19042.928; Version 2009; 64bit' Language: 'es' Physical Memory: 7873 MB
BatchMode: 1, IsHumanControllingUs: 0, StartBugReporterOnCrash: 0, Is64bit: 1, IsPro: 0

 COMMAND LINE ARGUMENTS:
C:\Program Files\Unity\Hub\Editor\2020.3.4f1\Editor\Unity.exe
-adb2
-batchMode
-noUpm
-name
AssetImportWorker0
-projectPath
C:/Users/Jhoan Rodriguez/Desktop/Unity Creations/0x01-unity_concepts
-logFile
Logs/AssetImportWorker0.log
-srvPort
57108
Successfully changed project path to: C:/Users/Jhoan Rodriguez/Desktop/Unity Creations/0x01-unity_concepts
C:/Users/Jhoan Rodriguez/Desktop/Unity Creations/0x01-unity_concepts
Using Asset Import Pipeline V2.
Refreshing native plugins compatible for Editor in 29.86 ms, found 0 plugins.
Preloading 0 native plugins for Editor in 0.00 ms.
Initialize engine version: 2020.3.4f1 (0abb6314276a)
[Subsystems] Discovering subsystems at path C:/Program Files/Unity/Hub/Editor/2020.3.4f1/Editor/Data/Resources/UnitySubsystems
[Subsystems] Discovering subsystems at path C:/Users/Jhoan Rodriguez/Desktop/Unity Creations/0x01-unity_concepts/Assets
GfxDevice: creating device client; threaded=0
Direct3D:
    Version:  Direct3D 11.0 [level 11.1]
    Renderer: Radeon RX 560X (ID=0x67ef)
    Vendor:   
    VRAM:     4076 MB
    Driver:   26.20.12036.4002
Initialize mono
Mono path[0] = 'C:/Program Files/Unity/Hub/Editor/2020.3.4f1/Editor/Data/Managed'
Mono path[1] = 'C:/Program Files/Unity/Hub/Editor/2020.3.4f1/Editor/Data/MonoBleedingEdge/lib/mono/unityjit'
Mono config path = 'C:/Program Files/Unity/Hub/Editor/2020.3.4f1/Editor/Data/MonoBleedingEdge/etc'
Using monoOptions --debugger-agent=transport=dt_socket,embedding=1,server=y,suspend=n,address=127.0.0.1:56444
Begin MonoManager ReloadAssembly
Registering precompiled unity dll's ...
Register platform support module: C:/Program Files/Unity/Hub/Editor/2020.3.4f1/Editor/Data/PlaybackEngines/WindowsStandaloneSupport/UnityEditor.WindowsStandalone.Extensions.dll
Register platform support module: C:/Program Files/Unity/Hub/Editor/2020.3.4f1/Editor/Data/PlaybackEngines/LinuxStandaloneSupport/UnityEditor.LinuxStandalone.Extensions.dll
Registered in 0.003405 seconds.
Native extension for LinuxStandalone target not found
Native extension for WindowsStandalone target not found
Refreshing native plugins compatible for Editor in 27.61 ms, found 0 plugins.
Preloading 0 native plugins for Editor in 0.00 ms.
Mono: successfully reloaded assembly
- Completed reload, in  1.436 seconds
Platform modules already initialized, skipping
Registering precompiled user dll's ...
Registered in 0.001050 seconds.
Begin MonoManager ReloadAssembly
Native extension for LinuxStandalone target not found
Native extension for WindowsStandalone target not found
Refreshing native plugins compatible for Editor in 0.25 ms, found 0 plugins.
Preloading 0 native plugins for Editor in 0.00 ms.
Mono: successfully reloaded assembly
- Completed reload, in  1.084 seconds
Platform modules already initialized, skipping
========================================================================
Worker process is ready to serve import requests
Launched and connected shader compiler UnityShaderCompiler.exe after 0.06 seconds
Refreshing native plugins compatible for Editor in 0.26 ms, found 0 plugins.
Preloading 0 native plugins for Editor in 0.00 ms.
Unloading 1115 Unused Serialized files (Serialized files now loaded: 0)
System memory in use before: 57.5 MB.
System memory in use after: 57.5 MB.

Unloading 10 unused Assets to reduce memory usage. Loaded Objects now: 1558.
Total: 2.540400 ms (FindLiveObjects: 0.305700 ms CreateObjectMapping: 0.065600 ms MarkObjects: 2.052200 ms  DeleteObjects: 0.115000 ms)

========================================================================
Received Import Request.
  path: Assets/Materials/soccer-texture.mat
  artifactKey: Guid(63167802e3f7d2b44a8a8f5fb99c45eb) Importer(815301076,1909f56bfc062723c751e8b465ee728b)
Start importing Assets/Materials/soccer-texture.mat using Guid(63167802e3f7d2b44a8a8f5fb99c45eb) Importer(815301076,1909f56bfc062723c751e8b465ee728b)  -> (artifact id: 'cf4a394e09e4d8c11d3aeb84d24d35a1') in 0.146975 seconds
  Import took 0.149682 seconds .

========================================================================
Received Import Request.
  Time since last request: 2.573357 seconds.
  path: Assets/Textures/New Render Texture.renderTexture
  artifactKey: Guid(a70cb0279fb5d0446bdc10fa2670bbd6) Importer(815301076,1909f56bfc062723c751e8b465ee728b)
Start importing Assets/Textures/New Render Texture.renderTexture using Guid(a70cb0279fb5d0446bdc10fa2670bbd6) Importer(815301076,1909f56bfc062723c751e8b465ee728b)  -> (artifact id: 'cabca68d7d0c4e058da6d9b6d9b31c91') in 0.024588 seconds
  Import took 0.027635 seconds .

========================================================================
Received Import Request.
  Time since last request: 0.000232 seconds.
  path: Assets/Textures/wood-texture-patio-flooring-brown-old-unpolished.jpg
  artifactKey: Guid(2805adfe0f861d64291dbdb894e67387) Importer(815301076,1909f56bfc062723c751e8b465ee728b)
Start importing Assets/Textures/wood-texture-patio-flooring-brown-old-unpolished.jpg using Guid(2805adfe0f861d64291dbdb894e67387) Importer(815301076,1909f56bfc062723c751e8b465ee728b)  -> (artifact id: '85b3e9ff3668870541f5adaee968fb8f') in 0.028776 seconds
  Import took 0.031310 seconds .

========================================================================
Received Import Request.
  Time since last request: 16.131441 seconds.
  path: Assets/Scenes
  artifactKey: Guid(012c245c2343cf344874c94c5ed4d470) Importer(815301076,1909f56bfc062723c751e8b465ee728b)
Start importing Assets/Scenes using Guid(012c245c2343cf344874c94c5ed4d470) Importer(815301076,1909f56bfc062723c751e8b465ee728b)  -> (artifact id: '651afb0274df443e30ebe8d924ace60a') in 0.009803 seconds
  Import took 0.012311 seconds .

========================================================================
Received Import Request.
  Time since last request: 14.011786 seconds.
  path: Assets/100-textures.unity
  artifactKey: Guid(dc648bc6cb8b85f4e865ac1dfee2315c) Importer(815301076,1909f56bfc062723c751e8b465ee728b)
Start importing Assets/100-textures.unity using Guid(dc648bc6cb8b85f4e865ac1dfee2315c) Importer(815301076,1909f56bfc062723c751e8b465ee728b)  -> (artifact id: 'cf0495c0c1fe05321113159842b051c6') in 0.012438 seconds
  Import took 0.015067 seconds .

========================================================================
Received Import Request.
  Time since last request: 0.009653 seconds.
  path: Assets/100-textures.unity
  artifactKey: Guid(dc648bc6cb8b85f4e865ac1dfee2315c) Importer(815301076,1909f56bfc062723c751e8b465ee728b)
Start importing Assets/100-textures.unity using Guid(dc648bc6cb8b85f4e865ac1dfee2315c) Importer(815301076,1909f56bfc062723c751e8b465ee728b)  -> (artifact id: 'cf0495c0c1fe05321113159842b051c6') in 0.004984 seconds
  Import took 0.007631 seconds .

========================================================================
Received Prepare
Registering precompiled user dll's ...
Registered in 0.000938 seconds.
Begin MonoManager ReloadAssembly
Native extension for LinuxStandalone target not found
Native extension for WindowsStandalone target not found
Refreshing native plugins compatible for Editor in 0.28 ms, found 0 plugins.
Preloading 0 native plugins for Editor in 0.00 ms.
Mono: successfully reloaded assembly
- Completed reload, in  1.046 seconds
Platform modules already initialized, skipping
Refreshing native plugins compatible for Editor in 0.24 ms, found 0 plugins.
Preloading 0 native plugins for Editor in 0.00 ms.
Unloading 1110 Unused Serialized files (Serialized files now loaded: 0)
System memory in use before: 60.8 MB.
System memory in use after: 60.9 MB.

Unloading 5 unused Assets to reduce memory usage. Loaded Objects now: 1605.
Total: 2.518400 ms (FindLiveObjects: 0.401700 ms CreateObjectMapping: 0.055600 ms MarkObjects: 1.981000 ms  DeleteObjects: 0.077400 ms)

AssetImportWorkerClient::OnTransportError - code=2 error=End of file
