Using pre-set license
Built from '2020.3/staging' branch; Version is '2020.3.4f1 (0abb6314276a) revision 703331'; Using compiler version '192528614'; Build Type 'Release'
OS: 'Windows 10 Home; OS build 19042.928; Version 2009; 64bit' Language: 'es' Physical Memory: 7873 MB
BatchMode: 1, IsHumanControllingUs: 0, StartBugReporterOnCrash: 0, Is64bit: 1, IsPro: 0

 COMMAND LINE ARGUMENTS:
C:\Program Files\Unity\Hub\Editor\2020.3.4f1\Editor\Unity.exe
-adb2
-batchMode
-noUpm
-name
AssetImportWorker0
-projectPath
C:/Users/Jhoan Rodriguez/Desktop/Unity Creations/0x01-unity_concepts
-logFile
Logs/AssetImportWorker0.log
-srvPort
56531
Successfully changed project path to: C:/Users/Jhoan Rodriguez/Desktop/Unity Creations/0x01-unity_concepts
C:/Users/Jhoan Rodriguez/Desktop/Unity Creations/0x01-unity_concepts
Using Asset Import Pipeline V2.
Refreshing native plugins compatible for Editor in 28.66 ms, found 0 plugins.
Preloading 0 native plugins for Editor in 0.00 ms.
Initialize engine version: 2020.3.4f1 (0abb6314276a)
[Subsystems] Discovering subsystems at path C:/Program Files/Unity/Hub/Editor/2020.3.4f1/Editor/Data/Resources/UnitySubsystems
[Subsystems] Discovering subsystems at path C:/Users/Jhoan Rodriguez/Desktop/Unity Creations/0x01-unity_concepts/Assets
GfxDevice: creating device client; threaded=0
Direct3D:
    Version:  Direct3D 11.0 [level 11.1]
    Renderer: Radeon RX 560X (ID=0x67ef)
    Vendor:   
    VRAM:     4076 MB
    Driver:   26.20.12036.4002
Initialize mono
Mono path[0] = 'C:/Program Files/Unity/Hub/Editor/2020.3.4f1/Editor/Data/Managed'
Mono path[1] = 'C:/Program Files/Unity/Hub/Editor/2020.3.4f1/Editor/Data/MonoBleedingEdge/lib/mono/unityjit'
Mono config path = 'C:/Program Files/Unity/Hub/Editor/2020.3.4f1/Editor/Data/MonoBleedingEdge/etc'
Using monoOptions --debugger-agent=transport=dt_socket,embedding=1,server=y,suspend=n,address=127.0.0.1:56024
Begin MonoManager ReloadAssembly
Registering precompiled unity dll's ...
Register platform support module: C:/Program Files/Unity/Hub/Editor/2020.3.4f1/Editor/Data/PlaybackEngines/WindowsStandaloneSupport/UnityEditor.WindowsStandalone.Extensions.dll
Register platform support module: C:/Program Files/Unity/Hub/Editor/2020.3.4f1/Editor/Data/PlaybackEngines/LinuxStandaloneSupport/UnityEditor.LinuxStandalone.Extensions.dll
Registered in 0.003339 seconds.
Native extension for LinuxStandalone target not found
Native extension for WindowsStandalone target not found
Refreshing native plugins compatible for Editor in 29.63 ms, found 0 plugins.
Preloading 0 native plugins for Editor in 0.00 ms.
Mono: successfully reloaded assembly
- Completed reload, in  1.441 seconds
Platform modules already initialized, skipping
Registering precompiled user dll's ...
Registered in 0.001063 seconds.
Begin MonoManager ReloadAssembly
Native extension for LinuxStandalone target not found
Native extension for WindowsStandalone target not found
Refreshing native plugins compatible for Editor in 0.27 ms, found 0 plugins.
Preloading 0 native plugins for Editor in 0.00 ms.
Mono: successfully reloaded assembly
- Completed reload, in  1.086 seconds
Platform modules already initialized, skipping
========================================================================
Worker process is ready to serve import requests
Launched and connected shader compiler UnityShaderCompiler.exe after 0.06 seconds
Refreshing native plugins compatible for Editor in 0.22 ms, found 0 plugins.
Preloading 0 native plugins for Editor in 0.00 ms.
Unloading 1115 Unused Serialized files (Serialized files now loaded: 0)
System memory in use before: 57.1 MB.
System memory in use after: 57.1 MB.

Unloading 10 unused Assets to reduce memory usage. Loaded Objects now: 1557.
Total: 2.318400 ms (FindLiveObjects: 0.293800 ms CreateObjectMapping: 0.079100 ms MarkObjects: 1.848200 ms  DeleteObjects: 0.096000 ms)

========================================================================
Received Import Request.
  path: Assets/Scenes
  artifactKey: Guid(012c245c2343cf344874c94c5ed4d470) Importer(815301076,1909f56bfc062723c751e8b465ee728b)
Start importing Assets/Scenes using Guid(012c245c2343cf344874c94c5ed4d470) Importer(815301076,1909f56bfc062723c751e8b465ee728b)  -> (artifact id: '651afb0274df443e30ebe8d924ace60a') in 0.011348 seconds
  Import took 0.013766 seconds .

========================================================================
Received Import Request.
  Time since last request: 0.000893 seconds.
  path: Assets/Scenes/SampleScene.unity
  artifactKey: Guid(9fc0d4010bbf28b4594072e72b8655ab) Importer(815301076,1909f56bfc062723c751e8b465ee728b)
Start importing Assets/Scenes/SampleScene.unity using Guid(9fc0d4010bbf28b4594072e72b8655ab) Importer(815301076,1909f56bfc062723c751e8b465ee728b)  -> (artifact id: 'a0dd8c018c451bceae1e1302a1531463') in 0.017667 seconds
  Import took 0.020008 seconds .

========================================================================
Received Import Request.
  Time since last request: 5.521262 seconds.
  path: Assets/Scenes/0-floor.unity
  artifactKey: Guid(9fc0d4010bbf28b4594072e72b8655ab) Importer(815301076,1909f56bfc062723c751e8b465ee728b)
Start importing Assets/Scenes/0-floor.unity using Guid(9fc0d4010bbf28b4594072e72b8655ab) Importer(815301076,1909f56bfc062723c751e8b465ee728b)  -> (artifact id: '67d8d77a1b3cb772835bcc30c0300080') in 0.011636 seconds
  Import took 0.015185 seconds .

========================================================================
Received Import Request.
  Time since last request: 227.391366 seconds.
  path: Assets/Scenes/0-floor.unity
  artifactKey: Guid(9fc0d4010bbf28b4594072e72b8655ab) Importer(815301076,1909f56bfc062723c751e8b465ee728b)
Start importing Assets/Scenes/0-floor.unity using Guid(9fc0d4010bbf28b4594072e72b8655ab) Importer(815301076,1909f56bfc062723c751e8b465ee728b)  -> (artifact id: '6f5b20b3764ae72eb68c4d30d1f70e35') in 0.008078 seconds
  Import took 0.010845 seconds .

========================================================================
Received Import Request.
  Time since last request: 0.936237 seconds.
  path: Assets/Scenes/0-floor 1.unity
  artifactKey: Guid(99c2326821ae9ff458c42ab8b4a1d5ab) Importer(815301076,1909f56bfc062723c751e8b465ee728b)
Start importing Assets/Scenes/0-floor 1.unity using Guid(99c2326821ae9ff458c42ab8b4a1d5ab) Importer(815301076,1909f56bfc062723c751e8b465ee728b)  -> (artifact id: '80972ff5f820dfa2631dff537284b895') in 0.012986 seconds
  Import took 0.015357 seconds .

========================================================================
Received Import Request.
  Time since last request: 9.592326 seconds.
  path: Assets/Scenes/1-ball.unity
  artifactKey: Guid(99c2326821ae9ff458c42ab8b4a1d5ab) Importer(815301076,1909f56bfc062723c751e8b465ee728b)
Start importing Assets/Scenes/1-ball.unity using Guid(99c2326821ae9ff458c42ab8b4a1d5ab) Importer(815301076,1909f56bfc062723c751e8b465ee728b)  -> (artifact id: '457b3f9db65e02d779f7ca987d7f9ed5') in 0.012202 seconds
  Import took 0.015193 seconds .

========================================================================
Received Import Request.
  Time since last request: 54.779573 seconds.
  path: Assets/Scenes/1-ball 1.unity
  artifactKey: Guid(683eb6ca9cfc50d4b98efa7ff252c69e) Importer(815301076,1909f56bfc062723c751e8b465ee728b)
Start importing Assets/Scenes/1-ball 1.unity using Guid(683eb6ca9cfc50d4b98efa7ff252c69e) Importer(815301076,1909f56bfc062723c751e8b465ee728b)  -> (artifact id: 'ea94d0c19c209e9d4ac6c4df21c81109') in 0.013118 seconds
  Import took 0.015480 seconds .

========================================================================
Received Import Request.
  Time since last request: 25.546755 seconds.
  path: Assets/Scenes/2-colors.unity
  artifactKey: Guid(99c2326821ae9ff458c42ab8b4a1d5ab) Importer(815301076,1909f56bfc062723c751e8b465ee728b)
Start importing Assets/Scenes/2-colors.unity using Guid(99c2326821ae9ff458c42ab8b4a1d5ab) Importer(815301076,1909f56bfc062723c751e8b465ee728b)  -> (artifact id: 'b38f1593b783ac979bc05c30ab2520d6') in 0.017238 seconds
  Import took 0.019971 seconds .

========================================================================
Received Import Request.
  Time since last request: 30.756287 seconds.
  path: Assets/Scenes/1-ball 1.unity
  artifactKey: Guid(683eb6ca9cfc50d4b98efa7ff252c69e) Importer(815301076,1909f56bfc062723c751e8b465ee728b)
Start importing Assets/Scenes/1-ball 1.unity using Guid(683eb6ca9cfc50d4b98efa7ff252c69e) Importer(815301076,1909f56bfc062723c751e8b465ee728b)  -> (artifact id: 'c5726d7b8369eba29d134a300890c971') in 0.006884 seconds
  Import took 0.009897 seconds .

========================================================================
Received Import Request.
  Time since last request: 19.648941 seconds.
  path: Assets/Scenes/1-ball 2.unity
  artifactKey: Guid(daadb81bce7469348947f8a2fdc37363) Importer(815301076,1909f56bfc062723c751e8b465ee728b)
Start importing Assets/Scenes/1-ball 2.unity using Guid(daadb81bce7469348947f8a2fdc37363) Importer(815301076,1909f56bfc062723c751e8b465ee728b)  -> (artifact id: '42f3a5734b48f20ff8b61b3238e7fa23') in 0.013299 seconds
  Import took 0.015814 seconds .

========================================================================
Received Import Request.
  Time since last request: 12.043694 seconds.
  path: Assets/Scenes/2-colors.unity
  artifactKey: Guid(daadb81bce7469348947f8a2fdc37363) Importer(815301076,1909f56bfc062723c751e8b465ee728b)
Start importing Assets/Scenes/2-colors.unity using Guid(daadb81bce7469348947f8a2fdc37363) Importer(815301076,1909f56bfc062723c751e8b465ee728b)  -> (artifact id: '57afb8f70a69fd5b07bc23f0bcf032b6') in 0.006029 seconds
  Import took 0.008469 seconds .

========================================================================
Received Import Request.
  Time since last request: 27.453150 seconds.
  path: Assets/Materials
  artifactKey: Guid(91b51fedee1a6bf4aa584cada88d46e7) Importer(815301076,1909f56bfc062723c751e8b465ee728b)
Start importing Assets/Materials using Guid(91b51fedee1a6bf4aa584cada88d46e7) Importer(815301076,1909f56bfc062723c751e8b465ee728b)  -> (artifact id: 'dffac5cb5412f1a9a560e3524cb0f2bd') in 0.016830 seconds
  Import took 0.019333 seconds .

========================================================================
Received Import Request.
  Time since last request: 22.269375 seconds.
  path: Assets/Materials/floor.mat
  artifactKey: Guid(1f6620d5f83101b4a9577bad6af86e0e) Importer(815301076,1909f56bfc062723c751e8b465ee728b)
Start importing Assets/Materials/floor.mat using Guid(1f6620d5f83101b4a9577bad6af86e0e) Importer(815301076,1909f56bfc062723c751e8b465ee728b)  -> (artifact id: '0a80d0ff9105447519e29f292692373a') in 0.151191 seconds
  Import took 0.153535 seconds .

========================================================================
Received Import Request.
  Time since last request: 43.206682 seconds.
  path: Assets/Materials/floor.mat
  artifactKey: Guid(1f6620d5f83101b4a9577bad6af86e0e) Importer(815301076,1909f56bfc062723c751e8b465ee728b)
Start importing Assets/Materials/floor.mat using Guid(1f6620d5f83101b4a9577bad6af86e0e) Importer(815301076,1909f56bfc062723c751e8b465ee728b)  -> (artifact id: '9f871cdbbf58a3391448fa8fef8dc522') in 0.021654 seconds
  Import took 0.024552 seconds .

========================================================================
Received Import Request.
  Time since last request: 42.850621 seconds.
  path: Assets/Materials/floor.mat
  artifactKey: Guid(1f6620d5f83101b4a9577bad6af86e0e) Importer(815301076,1909f56bfc062723c751e8b465ee728b)
Start importing Assets/Materials/floor.mat using Guid(1f6620d5f83101b4a9577bad6af86e0e) Importer(815301076,1909f56bfc062723c751e8b465ee728b)  -> (artifact id: 'bb4c9385a85c40c743662ca9bd3e8eef') in 0.018552 seconds
  Import took 0.021229 seconds .

========================================================================
Received Import Request.
  Time since last request: 15.388398 seconds.
  path: Assets/Materials/ball.mat
  artifactKey: Guid(89d72c956ac60fc468f80ea090ff0d85) Importer(815301076,1909f56bfc062723c751e8b465ee728b)
Start importing Assets/Materials/ball.mat using Guid(89d72c956ac60fc468f80ea090ff0d85) Importer(815301076,1909f56bfc062723c751e8b465ee728b)  -> (artifact id: '49763260ad86a43053481e67c9e6881a') in 0.020838 seconds
  Import took 0.024096 seconds .

========================================================================
Received Import Request.
  Time since last request: 17.093761 seconds.
  path: Assets/Materials/ball.mat
  artifactKey: Guid(89d72c956ac60fc468f80ea090ff0d85) Importer(815301076,1909f56bfc062723c751e8b465ee728b)
Start importing Assets/Materials/ball.mat using Guid(89d72c956ac60fc468f80ea090ff0d85) Importer(815301076,1909f56bfc062723c751e8b465ee728b)  -> (artifact id: 'd172963928309050c0aec4f69026d67f') in 0.020459 seconds
  Import took 0.023098 seconds .

========================================================================
Received Import Request.
  Time since last request: 6.964727 seconds.
  path: Assets/Scenes/2-colors.unity
  artifactKey: Guid(daadb81bce7469348947f8a2fdc37363) Importer(815301076,1909f56bfc062723c751e8b465ee728b)
Start importing Assets/Scenes/2-colors.unity using Guid(daadb81bce7469348947f8a2fdc37363) Importer(815301076,1909f56bfc062723c751e8b465ee728b)  -> (artifact id: 'bb67788d31a0f645d36efe8c34884839') in 0.004822 seconds
  Import took 0.007442 seconds .

========================================================================
Received Import Request.
  Time since last request: 21.505142 seconds.
  path: Assets/Scenes/2-colors 1.unity
  artifactKey: Guid(e72e138780c54d540a8846f9c10f95bd) Importer(815301076,1909f56bfc062723c751e8b465ee728b)
Start importing Assets/Scenes/2-colors 1.unity using Guid(e72e138780c54d540a8846f9c10f95bd) Importer(815301076,1909f56bfc062723c751e8b465ee728b)  -> (artifact id: 'eee85e4c8c1f00542ddd72ee28daabc9') in 0.010405 seconds
  Import took 0.013501 seconds .

========================================================================
Received Import Request.
  Time since last request: 8.374488 seconds.
  path: Assets/Scenes/3-gravity.unity
  artifactKey: Guid(e72e138780c54d540a8846f9c10f95bd) Importer(815301076,1909f56bfc062723c751e8b465ee728b)
Start importing Assets/Scenes/3-gravity.unity using Guid(e72e138780c54d540a8846f9c10f95bd) Importer(815301076,1909f56bfc062723c751e8b465ee728b)  -> (artifact id: '42008e9b46a211c7176bdf8f999667b6') in 0.010567 seconds
  Import took 0.013624 seconds .

========================================================================
Received Prepare
Registering precompiled user dll's ...
Registered in 0.000996 seconds.
Begin MonoManager ReloadAssembly
Native extension for LinuxStandalone target not found
Native extension for WindowsStandalone target not found
Refreshing native plugins compatible for Editor in 0.24 ms, found 0 plugins.
Preloading 0 native plugins for Editor in 0.00 ms.
Mono: successfully reloaded assembly
- Completed reload, in  1.031 seconds
Platform modules already initialized, skipping
Refreshing native plugins compatible for Editor in 0.24 ms, found 0 plugins.
Preloading 0 native plugins for Editor in 0.00 ms.
Unloading 1110 Unused Serialized files (Serialized files now loaded: 0)
System memory in use before: 60.4 MB.
System memory in use after: 60.5 MB.

Unloading 5 unused Assets to reduce memory usage. Loaded Objects now: 1600.
Total: 2.160300 ms (FindLiveObjects: 0.199700 ms CreateObjectMapping: 0.041200 ms MarkObjects: 1.850000 ms  DeleteObjects: 0.067900 ms)

========================================================================
Received Import Request.
  Time since last request: 51.123692 seconds.
  path: Assets
  artifactKey: Guid(00000000000000001000000000000000) Importer(815301076,1909f56bfc062723c751e8b465ee728b)
Start importing Assets using Guid(00000000000000001000000000000000) Importer(815301076,1909f56bfc062723c751e8b465ee728b)  -> (artifact id: '025e4f587c23674256bb898581e82961') in 0.012913 seconds
  Import took 0.015554 seconds .

========================================================================
Received Import Request.
  Time since last request: 3.277953 seconds.
  path: Assets/Physic Materials
  artifactKey: Guid(6b8505c63b3536644899d860b9e6e306) Importer(815301076,1909f56bfc062723c751e8b465ee728b)
Start importing Assets/Physic Materials using Guid(6b8505c63b3536644899d860b9e6e306) Importer(815301076,1909f56bfc062723c751e8b465ee728b)  -> (artifact id: '27c65ef79f70cfdb215108f27296563d') in 0.012599 seconds
  Import took 0.015946 seconds .

========================================================================
Received Import Request.
  Time since last request: 12.509086 seconds.
  path: Assets/Physic Materials/bounce.physicMaterial
  artifactKey: Guid(6102f2eb0981c354da6917a4b822e1ce) Importer(815301076,1909f56bfc062723c751e8b465ee728b)
Start importing Assets/Physic Materials/bounce.physicMaterial using Guid(6102f2eb0981c354da6917a4b822e1ce) Importer(815301076,1909f56bfc062723c751e8b465ee728b)  -> (artifact id: '0a8904d587a05355e2e52bc647792713') in 0.024841 seconds
  Import took 0.027340 seconds .

========================================================================
Received Import Request.
  Time since last request: 0.001863 seconds.
  path: Assets/Physic Materials/bounce.physicMaterial
  artifactKey: Guid(6102f2eb0981c354da6917a4b822e1ce) Importer(815301076,1909f56bfc062723c751e8b465ee728b)
Start importing Assets/Physic Materials/bounce.physicMaterial using Guid(6102f2eb0981c354da6917a4b822e1ce) Importer(815301076,1909f56bfc062723c751e8b465ee728b)  -> (artifact id: '0a8904d587a05355e2e52bc647792713') in 0.004858 seconds
  Import took 0.007280 seconds .

========================================================================
Received Import Request.
  Time since last request: 38.749604 seconds.
  path: Assets/Physic Materials/bounce.physicMaterial
  artifactKey: Guid(6102f2eb0981c354da6917a4b822e1ce) Importer(815301076,1909f56bfc062723c751e8b465ee728b)
Start importing Assets/Physic Materials/bounce.physicMaterial using Guid(6102f2eb0981c354da6917a4b822e1ce) Importer(815301076,1909f56bfc062723c751e8b465ee728b)  -> (artifact id: '1e9fa9e6a161bc7bbf235537069d66e4') in 0.005935 seconds
  Import took 0.008868 seconds .

========================================================================
Received Prepare
Registering precompiled user dll's ...
Registered in 0.000942 seconds.
Begin MonoManager ReloadAssembly
Native extension for LinuxStandalone target not found
Native extension for WindowsStandalone target not found
Refreshing native plugins compatible for Editor in 0.26 ms, found 0 plugins.
Preloading 0 native plugins for Editor in 0.00 ms.
Mono: successfully reloaded assembly
- Completed reload, in  1.027 seconds
Platform modules already initialized, skipping
Refreshing native plugins compatible for Editor in 0.24 ms, found 0 plugins.
Preloading 0 native plugins for Editor in 0.00 ms.
Unloading 1110 Unused Serialized files (Serialized files now loaded: 0)
System memory in use before: 60.4 MB.
System memory in use after: 60.5 MB.

Unloading 5 unused Assets to reduce memory usage. Loaded Objects now: 1603.
Total: 2.626900 ms (FindLiveObjects: 0.256900 ms CreateObjectMapping: 0.052600 ms MarkObjects: 2.237900 ms  DeleteObjects: 0.076800 ms)

========================================================================
Received Import Request.
  Time since last request: 219.268833 seconds.
  path: Assets/Scenes/3-gravity.unity
  artifactKey: Guid(e72e138780c54d540a8846f9c10f95bd) Importer(815301076,1909f56bfc062723c751e8b465ee728b)
Start importing Assets/Scenes/3-gravity.unity using Guid(e72e138780c54d540a8846f9c10f95bd) Importer(815301076,1909f56bfc062723c751e8b465ee728b)  -> (artifact id: '599e91bb08c8ae5e2a84533b2e061dbf') in 0.013844 seconds
  Import took 0.017043 seconds .

========================================================================
Received Import Request.
  Time since last request: 0.610493 seconds.
  path: Assets/Scenes/3-gravity 1.unity
  artifactKey: Guid(1d22f7b8fbb945b4a9f5a9f06ff964d6) Importer(815301076,1909f56bfc062723c751e8b465ee728b)
Start importing Assets/Scenes/3-gravity 1.unity using Guid(1d22f7b8fbb945b4a9f5a9f06ff964d6) Importer(815301076,1909f56bfc062723c751e8b465ee728b)  -> (artifact id: 'd6aff18f16b1977a4ebe501abf9e6bd2') in 0.010669 seconds
  Import took 0.013186 seconds .

========================================================================
Received Import Request.
  Time since last request: 8.393065 seconds.
  path: Assets/Scenes/4-prefab.unity
  artifactKey: Guid(e72e138780c54d540a8846f9c10f95bd) Importer(815301076,1909f56bfc062723c751e8b465ee728b)
Start importing Assets/Scenes/4-prefab.unity using Guid(e72e138780c54d540a8846f9c10f95bd) Importer(815301076,1909f56bfc062723c751e8b465ee728b)  -> (artifact id: '01cb8b0a0385cc64ce2cf9488220038f') in 0.012945 seconds
  Import took 0.016391 seconds .

========================================================================
Received Import Request.
  Time since last request: 19.937642 seconds.
  path: Assets/Scenes/4-prefab.unity
  artifactKey: Guid(1d22f7b8fbb945b4a9f5a9f06ff964d6) Importer(815301076,1909f56bfc062723c751e8b465ee728b)
Start importing Assets/Scenes/4-prefab.unity using Guid(1d22f7b8fbb945b4a9f5a9f06ff964d6) Importer(815301076,1909f56bfc062723c751e8b465ee728b)  -> (artifact id: '8b8e373074c3117745e6dfae5beef160') in 0.004639 seconds
  Import took 0.007459 seconds .

========================================================================
Received Prepare
Registering precompiled user dll's ...
Registered in 0.001261 seconds.
Begin MonoManager ReloadAssembly
Native extension for LinuxStandalone target not found
Native extension for WindowsStandalone target not found
Refreshing native plugins compatible for Editor in 0.24 ms, found 0 plugins.
Preloading 0 native plugins for Editor in 0.00 ms.
Mono: successfully reloaded assembly
- Completed reload, in  1.024 seconds
Platform modules already initialized, skipping
Refreshing native plugins compatible for Editor in 0.28 ms, found 0 plugins.
Preloading 0 native plugins for Editor in 0.00 ms.
Unloading 1110 Unused Serialized files (Serialized files now loaded: 0)
System memory in use before: 60.5 MB.
System memory in use after: 60.5 MB.

Unloading 5 unused Assets to reduce memory usage. Loaded Objects now: 1606.
Total: 2.718600 ms (FindLiveObjects: 0.193100 ms CreateObjectMapping: 0.040500 ms MarkObjects: 2.411800 ms  DeleteObjects: 0.071800 ms)

========================================================================
Received Import Request.
  Time since last request: 39.213089 seconds.
  path: Assets/Prefabs
  artifactKey: Guid(60d165fae3a839142acd3868de340157) Importer(815301076,1909f56bfc062723c751e8b465ee728b)
Start importing Assets/Prefabs using Guid(60d165fae3a839142acd3868de340157) Importer(815301076,1909f56bfc062723c751e8b465ee728b)  -> (artifact id: '15209e4af105100d9258e496153922ca') in 0.014367 seconds
  Import took 0.017168 seconds .

========================================================================
Received Import Request.
  Time since last request: 88.895831 seconds.
  path: Assets/Prefabs/Ball.prefab
  artifactKey: Guid(912c49434ae96094d858a209fe63d838) Importer(815301076,1909f56bfc062723c751e8b465ee728b)
Start importing Assets/Prefabs/Ball.prefab using Guid(912c49434ae96094d858a209fe63d838) Importer(815301076,1909f56bfc062723c751e8b465ee728b)  -> (artifact id: 'b60ec0014df603a80f198ab1bd879737') in 0.142242 seconds
  Import took 0.145162 seconds .

========================================================================
Received Prepare
Registering precompiled user dll's ...
Registered in 0.000950 seconds.
Begin MonoManager ReloadAssembly
Native extension for LinuxStandalone target not found
Native extension for WindowsStandalone target not found
Refreshing native plugins compatible for Editor in 0.25 ms, found 0 plugins.
Preloading 0 native plugins for Editor in 0.00 ms.
Mono: successfully reloaded assembly
- Completed reload, in  1.073 seconds
Platform modules already initialized, skipping
Refreshing native plugins compatible for Editor in 0.25 ms, found 0 plugins.
Preloading 0 native plugins for Editor in 0.00 ms.
Unloading 1110 Unused Serialized files (Serialized files now loaded: 0)
System memory in use before: 60.5 MB.
System memory in use after: 60.6 MB.

Unloading 5 unused Assets to reduce memory usage. Loaded Objects now: 1611.
Total: 2.936700 ms (FindLiveObjects: 0.262300 ms CreateObjectMapping: 0.051200 ms MarkObjects: 2.543800 ms  DeleteObjects: 0.077500 ms)

========================================================================
Received Import Request.
  Time since last request: 387.753467 seconds.
  path: Assets/Scenes/4-prefab.unity
  artifactKey: Guid(1d22f7b8fbb945b4a9f5a9f06ff964d6) Importer(815301076,1909f56bfc062723c751e8b465ee728b)
Start importing Assets/Scenes/4-prefab.unity using Guid(1d22f7b8fbb945b4a9f5a9f06ff964d6) Importer(815301076,1909f56bfc062723c751e8b465ee728b)  -> (artifact id: '93b3bb8b6ea34b51faf22529bfc3cf31') in 0.015355 seconds
  Import took 0.018738 seconds .

========================================================================
Received Import Request.
  Time since last request: 2.576864 seconds.
  path: Assets/Scenes/4-prefab 1.unity
  artifactKey: Guid(54249fedd75ff754db4c0442c3622259) Importer(815301076,1909f56bfc062723c751e8b465ee728b)
Start importing Assets/Scenes/4-prefab 1.unity using Guid(54249fedd75ff754db4c0442c3622259) Importer(815301076,1909f56bfc062723c751e8b465ee728b)  -> (artifact id: 'ac01edb2b20a577671237e42798f6dea') in 0.011539 seconds
  Import took 0.013916 seconds .

========================================================================
Received Import Request.
  Time since last request: 11.702238 seconds.
  path: Assets/Scenes/5-more_colors.unity
  artifactKey: Guid(54249fedd75ff754db4c0442c3622259) Importer(815301076,1909f56bfc062723c751e8b465ee728b)
Start importing Assets/Scenes/5-more_colors.unity using Guid(54249fedd75ff754db4c0442c3622259) Importer(815301076,1909f56bfc062723c751e8b465ee728b)  -> (artifact id: '07f43f54ddcca12fe2e8202b77a5660e') in 0.012841 seconds
  Import took 0.015463 seconds .

========================================================================
Received Import Request.
  Time since last request: 77.303157 seconds.
  path: Assets/Scenes/0-floor 1.unity
  artifactKey: Guid(f5d4742aa9f184941a88f34503300a24) Importer(815301076,1909f56bfc062723c751e8b465ee728b)
Start importing Assets/Scenes/0-floor 1.unity using Guid(f5d4742aa9f184941a88f34503300a24) Importer(815301076,1909f56bfc062723c751e8b465ee728b)  -> (artifact id: '86727a1f4b55515b894932180d67350f') in 0.010851 seconds
  Import took 0.013898 seconds .

========================================================================
Received Import Request.
  Time since last request: 7.242981 seconds.
  path: Assets/Scenes/2-colors 1.unity
  artifactKey: Guid(e352cb2848bec8c45bf5e7adde428b1d) Importer(815301076,1909f56bfc062723c751e8b465ee728b)
Start importing Assets/Scenes/2-colors 1.unity using Guid(e352cb2848bec8c45bf5e7adde428b1d) Importer(815301076,1909f56bfc062723c751e8b465ee728b)  -> (artifact id: '86e50be42d1230387da616cb25c0b60d') in 0.004431 seconds
  Import took 0.007823 seconds .

========================================================================
Received Import Request.
  Time since last request: 0.005921 seconds.
  path: Assets/Scenes/2-colors 1.unity
  artifactKey: Guid(e352cb2848bec8c45bf5e7adde428b1d) Importer(815301076,1909f56bfc062723c751e8b465ee728b)
Start importing Assets/Scenes/2-colors 1.unity using Guid(e352cb2848bec8c45bf5e7adde428b1d) Importer(815301076,1909f56bfc062723c751e8b465ee728b)  -> (artifact id: '86e50be42d1230387da616cb25c0b60d') in 0.005189 seconds
  Import took 0.007753 seconds .

========================================================================
Received Import Request.
  Time since last request: 8.662169 seconds.
  path: Assets/Scenes/1-ball.unity
  artifactKey: Guid(683eb6ca9cfc50d4b98efa7ff252c69e) Importer(815301076,1909f56bfc062723c751e8b465ee728b)
Start importing Assets/Scenes/1-ball.unity using Guid(683eb6ca9cfc50d4b98efa7ff252c69e) Importer(815301076,1909f56bfc062723c751e8b465ee728b)  -> (artifact id: '1521f5ae86d71ca9d3b69637e70d4bc5') in 0.004045 seconds
  Import took 0.006483 seconds .

========================================================================
Received Import Request.
  Time since last request: 1.501385 seconds.
  path: Assets/Scenes/1-ball 2.unity
  artifactKey: Guid(9d4cd21cd9ee36241ae6ed36666ec9d1) Importer(815301076,1909f56bfc062723c751e8b465ee728b)
Start importing Assets/Scenes/1-ball 2.unity using Guid(9d4cd21cd9ee36241ae6ed36666ec9d1) Importer(815301076,1909f56bfc062723c751e8b465ee728b)  -> (artifact id: 'fd33d4aefc17a5de592b203c30eee64d') in 0.004561 seconds
  Import took 0.007407 seconds .

========================================================================
Received Prepare
Registering precompiled user dll's ...
Registered in 0.000992 seconds.
Begin MonoManager ReloadAssembly
Native extension for LinuxStandalone target not found
Native extension for WindowsStandalone target not found
Refreshing native plugins compatible for Editor in 0.27 ms, found 0 plugins.
Preloading 0 native plugins for Editor in 0.00 ms.
Mono: successfully reloaded assembly
- Completed reload, in  0.987 seconds
Platform modules already initialized, skipping
Refreshing native plugins compatible for Editor in 0.25 ms, found 0 plugins.
Preloading 0 native plugins for Editor in 0.00 ms.
Unloading 1110 Unused Serialized files (Serialized files now loaded: 0)
System memory in use before: 60.6 MB.
System memory in use after: 60.6 MB.

Unloading 5 unused Assets to reduce memory usage. Loaded Objects now: 1614.
Total: 2.521600 ms (FindLiveObjects: 0.204100 ms CreateObjectMapping: 0.038900 ms MarkObjects: 2.195800 ms  DeleteObjects: 0.080800 ms)

========================================================================
Received Import Request.
  Time since last request: 245.942248 seconds.
  path: Assets/Materials/New Material.mat
  artifactKey: Guid(b2adc55c36ed46647955bae2f8543bae) Importer(815301076,1909f56bfc062723c751e8b465ee728b)
Start importing Assets/Materials/New Material.mat using Guid(b2adc55c36ed46647955bae2f8543bae) Importer(815301076,1909f56bfc062723c751e8b465ee728b)  -> (artifact id: 'e63e10324cd868e496b39ec076449119') in 0.090490 seconds
  Import took 0.092921 seconds .

========================================================================
Received Import Request.
  Time since last request: 30.446862 seconds.
  path: Assets/Materials/ball-blue.mat
  artifactKey: Guid(f3f51545cd2d57b44b98662205db89c2) Importer(815301076,1909f56bfc062723c751e8b465ee728b)
Start importing Assets/Materials/ball-blue.mat using Guid(f3f51545cd2d57b44b98662205db89c2) Importer(815301076,1909f56bfc062723c751e8b465ee728b)  -> (artifact id: 'eb61256c24ae5cd822d5eec1174f08c0') in 0.024906 seconds
  Import took 0.027747 seconds .

========================================================================
Received Import Request.
  Time since last request: 19.557160 seconds.
  path: Assets/Materials/ball-green.mat
  artifactKey: Guid(5240a73006508ad498d8eeb424a19ebb) Importer(815301076,1909f56bfc062723c751e8b465ee728b)
Start importing Assets/Materials/ball-green.mat using Guid(5240a73006508ad498d8eeb424a19ebb) Importer(815301076,1909f56bfc062723c751e8b465ee728b)  -> (artifact id: 'bdd25f40859b8dfd3b12bcd302d57ec2') in 0.018966 seconds
  Import took 0.021370 seconds .

========================================================================
Received Import Request.
  Time since last request: 17.433158 seconds.
  path: Assets/Materials/ball-white.mat
  artifactKey: Guid(e62dbbdbb91df634f9577b74309497a4) Importer(815301076,1909f56bfc062723c751e8b465ee728b)
Start importing Assets/Materials/ball-white.mat using Guid(e62dbbdbb91df634f9577b74309497a4) Importer(815301076,1909f56bfc062723c751e8b465ee728b)  -> (artifact id: 'd95e425b9d5b44c2018ad4ad906cc718') in 0.025755 seconds
  Import took 0.028425 seconds .

========================================================================
Received Import Request.
  Time since last request: 17.868178 seconds.
  path: Assets/Materials/ball-black.mat
  artifactKey: Guid(d9d4b353b3803b74182e623b018360e0) Importer(815301076,1909f56bfc062723c751e8b465ee728b)
Start importing Assets/Materials/ball-black.mat using Guid(d9d4b353b3803b74182e623b018360e0) Importer(815301076,1909f56bfc062723c751e8b465ee728b)  -> (artifact id: 'f01344845f64ec15cf1a37b5553fd777') in 0.031044 seconds
  Import took 0.034191 seconds .

========================================================================
Received Import Request.
  Time since last request: 60.442117 seconds.
  path: Assets/Materials/ball-black.mat
  artifactKey: Guid(d9d4b353b3803b74182e623b018360e0) Importer(815301076,1909f56bfc062723c751e8b465ee728b)
Start importing Assets/Materials/ball-black.mat using Guid(d9d4b353b3803b74182e623b018360e0) Importer(815301076,1909f56bfc062723c751e8b465ee728b)  -> (artifact id: '5b214b27ae84fc70c6d88e242075d990') in 0.019967 seconds
  Import took 0.023411 seconds .

========================================================================
Received Import Request.
  Time since last request: 0.000327 seconds.
  path: Assets/Materials/ball-green.mat
  artifactKey: Guid(5240a73006508ad498d8eeb424a19ebb) Importer(815301076,1909f56bfc062723c751e8b465ee728b)
Start importing Assets/Materials/ball-green.mat using Guid(5240a73006508ad498d8eeb424a19ebb) Importer(815301076,1909f56bfc062723c751e8b465ee728b)  -> (artifact id: 'd504f094fbacc67ec70032f60d28909c') in 0.021592 seconds
  Import took 0.024418 seconds .

========================================================================
Received Import Request.
  Time since last request: 0.000298 seconds.
  path: Assets/Materials/ball-red.mat
  artifactKey: Guid(b2adc55c36ed46647955bae2f8543bae) Importer(815301076,1909f56bfc062723c751e8b465ee728b)
Start importing Assets/Materials/ball-red.mat using Guid(b2adc55c36ed46647955bae2f8543bae) Importer(815301076,1909f56bfc062723c751e8b465ee728b)  -> (artifact id: '791f8b97b371eaa153bf0a8512872a9d') in 0.021816 seconds
  Import took 0.024607 seconds .

========================================================================
Received Import Request.
  Time since last request: 0.000280 seconds.
  path: Assets/Materials/ball-blue.mat
  artifactKey: Guid(f3f51545cd2d57b44b98662205db89c2) Importer(815301076,1909f56bfc062723c751e8b465ee728b)
Start importing Assets/Materials/ball-blue.mat using Guid(f3f51545cd2d57b44b98662205db89c2) Importer(815301076,1909f56bfc062723c751e8b465ee728b)  -> (artifact id: 'ba6aead3e394fad89614ae5e42d945d8') in 0.022076 seconds
  Import took 0.024631 seconds .

========================================================================
Received Import Request.
  Time since last request: 45.413296 seconds.
  path: Assets/5-more_colors.unity
  artifactKey: Guid(54249fedd75ff754db4c0442c3622259) Importer(815301076,1909f56bfc062723c751e8b465ee728b)
Start importing Assets/5-more_colors.unity using Guid(54249fedd75ff754db4c0442c3622259) Importer(815301076,1909f56bfc062723c751e8b465ee728b)  -> (artifact id: 'a15c03328c9c94970142e4c6611d99b3') in 0.004646 seconds
  Import took 0.007248 seconds .

========================================================================
Received Import Request.
  Time since last request: 1.064584 seconds.
  path: Assets/5-more_colors 1.unity
  artifactKey: Guid(62aa9f3f70ada334eb19bf8afbafda45) Importer(815301076,1909f56bfc062723c751e8b465ee728b)
Start importing Assets/5-more_colors 1.unity using Guid(62aa9f3f70ada334eb19bf8afbafda45) Importer(815301076,1909f56bfc062723c751e8b465ee728b)  -> (artifact id: 'dcd11f06929c1def3b29cd168d7680f9') in 0.015499 seconds
  Import took 0.018488 seconds .

========================================================================
Received Import Request.
  Time since last request: 10.443078 seconds.
  path: Assets/6-tags.unity
  artifactKey: Guid(54249fedd75ff754db4c0442c3622259) Importer(815301076,1909f56bfc062723c751e8b465ee728b)
Start importing Assets/6-tags.unity using Guid(54249fedd75ff754db4c0442c3622259) Importer(815301076,1909f56bfc062723c751e8b465ee728b)  -> (artifact id: '6d4f4916e9582a8d1b7a9cb7f498f129') in 0.013836 seconds
  Import took 0.016533 seconds .

========================================================================
Received Import Request.
  Time since last request: 13.906425 seconds.
  path: ProjectSettings/TagManager.asset
  artifactKey: Guid(00000000000000003000000000000000) Importer(815301076,1909f56bfc062723c751e8b465ee728b)
Start importing ProjectSettings/TagManager.asset using Guid(00000000000000003000000000000000) Importer(815301076,1909f56bfc062723c751e8b465ee728b)  -> (artifact id: '5cdd425f01cf626211dd37e1af0dc49e') in 0.014670 seconds
  Import took 0.017380 seconds .

========================================================================
Received Import Request.
  Time since last request: 84.870615 seconds.
  path: Assets/6-tags.unity
  artifactKey: Guid(54249fedd75ff754db4c0442c3622259) Importer(815301076,1909f56bfc062723c751e8b465ee728b)
Start importing Assets/6-tags.unity using Guid(54249fedd75ff754db4c0442c3622259) Importer(815301076,1909f56bfc062723c751e8b465ee728b)  -> (artifact id: 'b7f12aefe592576408a0862aa5fe742a') in 0.005169 seconds
  Import took 0.008582 seconds .

========================================================================
Received Import Request.
  Time since last request: 6.905511 seconds.
  path: Assets/6-tags 1.unity
  artifactKey: Guid(dc648bc6cb8b85f4e865ac1dfee2315c) Importer(815301076,1909f56bfc062723c751e8b465ee728b)
Start importing Assets/6-tags 1.unity using Guid(dc648bc6cb8b85f4e865ac1dfee2315c) Importer(815301076,1909f56bfc062723c751e8b465ee728b)  -> (artifact id: '522ebd665639cf13beb7449b7d3fdf09') in 0.011350 seconds
  Import took 0.013600 seconds .

========================================================================
Received Import Request.
  Time since last request: 4.780812 seconds.
  path: Assets/100-textures.unity
  artifactKey: Guid(dc648bc6cb8b85f4e865ac1dfee2315c) Importer(815301076,1909f56bfc062723c751e8b465ee728b)
Start importing Assets/100-textures.unity using Guid(dc648bc6cb8b85f4e865ac1dfee2315c) Importer(815301076,1909f56bfc062723c751e8b465ee728b)  -> (artifact id: '4986dadb4bef32ee4cab450f695bd067') in 0.014114 seconds
  Import took 0.017850 seconds .

========================================================================
Received Import Request.
  Time since last request: 43.419289 seconds.
  path: Assets/Prefabs/Ball.prefab
  artifactKey: Guid(912c49434ae96094d858a209fe63d838) Importer(815301076,1909f56bfc062723c751e8b465ee728b)
Start importing Assets/Prefabs/Ball.prefab using Guid(912c49434ae96094d858a209fe63d838) Importer(815301076,1909f56bfc062723c751e8b465ee728b)  -> (artifact id: '997d963f860be4cab0c635bc49764361') in 0.027914 seconds
  Import took 0.030631 seconds .

========================================================================
Received Import Request.
  Time since last request: 38.833225 seconds.
  path: Assets/Textures
  artifactKey: Guid(fd7159763f14af940904209b7be3c28f) Importer(815301076,1909f56bfc062723c751e8b465ee728b)
Start importing Assets/Textures using Guid(fd7159763f14af940904209b7be3c28f) Importer(815301076,1909f56bfc062723c751e8b465ee728b)  -> (artifact id: '82747d55ca77383ca9496d526d088ab8') in 0.012926 seconds
  Import took 0.015244 seconds .

========================================================================
Received Import Request.
  Time since last request: 21.970049 seconds.
  path: Assets/Textures/New Render Texture.renderTexture
  artifactKey: Guid(a70cb0279fb5d0446bdc10fa2670bbd6) Importer(815301076,1909f56bfc062723c751e8b465ee728b)
Start importing Assets/Textures/New Render Texture.renderTexture using Guid(a70cb0279fb5d0446bdc10fa2670bbd6) Importer(815301076,1909f56bfc062723c751e8b465ee728b)  -> (artifact id: 'cabca68d7d0c4e058da6d9b6d9b31c91') in 0.028832 seconds
  Import took 0.031642 seconds .

========================================================================
Received Import Request.
  Time since last request: 63.427257 seconds.
  path: Assets/Materials/ball-texture.mat
  artifactKey: Guid(d591b2607407717419508059d38029e1) Importer(815301076,1909f56bfc062723c751e8b465ee728b)
Start importing Assets/Materials/ball-texture.mat using Guid(d591b2607407717419508059d38029e1) Importer(815301076,1909f56bfc062723c751e8b465ee728b)  -> (artifact id: 'e79e81ff85645089a779fb5a551ed9a0') in 0.025024 seconds
  Import took 0.028318 seconds .

========================================================================
Received Import Request.
  Time since last request: 14.579588 seconds.
  path: Assets/Materials/ball-texture.mat
  artifactKey: Guid(d591b2607407717419508059d38029e1) Importer(815301076,1909f56bfc062723c751e8b465ee728b)
Start importing Assets/Materials/ball-texture.mat using Guid(d591b2607407717419508059d38029e1) Importer(815301076,1909f56bfc062723c751e8b465ee728b)  -> (artifact id: '568b3ae33078473587df90d83ba87ee2') in 0.023096 seconds
  Import took 0.025957 seconds .

========================================================================
Received Import Request.
  Time since last request: 899.556662 seconds.
  path: Assets/Textures/soccer-texture.jpg
  artifactKey: Guid(7d0f5b050f8ea374988fd8f0ec83aaf1) Importer(815301076,1909f56bfc062723c751e8b465ee728b)
Start importing Assets/Textures/soccer-texture.jpg using Guid(7d0f5b050f8ea374988fd8f0ec83aaf1) Importer(815301076,1909f56bfc062723c751e8b465ee728b)  -> (artifact id: 'fcd31f362a6de35ad2758e7ee9ec64bb') in 0.030289 seconds
  Import took 0.033699 seconds .

========================================================================
Received Import Request.
  Time since last request: 160.007113 seconds.
  path: Assets/Textures/wood-texture-patio-flooring-brown-old-unpolished.jpg
  artifactKey: Guid(2805adfe0f861d64291dbdb894e67387) Importer(815301076,1909f56bfc062723c751e8b465ee728b)
Start importing Assets/Textures/wood-texture-patio-flooring-brown-old-unpolished.jpg using Guid(2805adfe0f861d64291dbdb894e67387) Importer(815301076,1909f56bfc062723c751e8b465ee728b)  -> (artifact id: '85b3e9ff3668870541f5adaee968fb8f') in 0.019832 seconds
  Import took 0.023450 seconds .

========================================================================
Received Import Request.
  Time since last request: 91.709648 seconds.
  path: Assets/Materials/soccer-texture.mat
  artifactKey: Guid(63167802e3f7d2b44a8a8f5fb99c45eb) Importer(815301076,1909f56bfc062723c751e8b465ee728b)
Start importing Assets/Materials/soccer-texture.mat using Guid(63167802e3f7d2b44a8a8f5fb99c45eb) Importer(815301076,1909f56bfc062723c751e8b465ee728b)  -> (artifact id: 'cf4a394e09e4d8c11d3aeb84d24d35a1') in 0.023814 seconds
  Import took 0.026297 seconds .

========================================================================
Received Prepare
Registering precompiled user dll's ...
Registered in 0.001036 seconds.
Begin MonoManager ReloadAssembly
Native extension for LinuxStandalone target not found
Native extension for WindowsStandalone target not found
Refreshing native plugins compatible for Editor in 0.24 ms, found 0 plugins.
Preloading 0 native plugins for Editor in 0.00 ms.
Mono: successfully reloaded assembly
- Completed reload, in  1.026 seconds
Platform modules already initialized, skipping
Refreshing native plugins compatible for Editor in 0.32 ms, found 0 plugins.
Preloading 0 native plugins for Editor in 0.00 ms.
Unloading 1110 Unused Serialized files (Serialized files now loaded: 0)
System memory in use before: 61.0 MB.
System memory in use after: 61.1 MB.

Unloading 6 unused Assets to reduce memory usage. Loaded Objects now: 1623.
Total: 2.238800 ms (FindLiveObjects: 0.214500 ms CreateObjectMapping: 0.039000 ms MarkObjects: 1.901500 ms  DeleteObjects: 0.082300 ms)

========================================================================
Received Import Request.
  Time since last request: 61.131391 seconds.
  path: Assets/Materials/ball-texture.mat
  artifactKey: Guid(d591b2607407717419508059d38029e1) Importer(815301076,1909f56bfc062723c751e8b465ee728b)
Start importing Assets/Materials/ball-texture.mat using Guid(d591b2607407717419508059d38029e1) Importer(815301076,1909f56bfc062723c751e8b465ee728b)  -> (artifact id: 'a9dfed53a6259d21a24c836194594bd9') in 0.081955 seconds
  Import took 0.084615 seconds .

AssetImportWorkerClient::OnTransportError - code=2 error=End of file
