Using pre-set license
Built from '2020.3/staging' branch; Version is '2020.3.4f1 (0abb6314276a) revision 703331'; Using compiler version '192528614'; Build Type 'Release'
OS: 'Windows 10 Home; OS build 19042.1052; Version 2009; 64bit' Language: 'es' Physical Memory: 7873 MB
BatchMode: 1, IsHumanControllingUs: 0, StartBugReporterOnCrash: 0, Is64bit: 1, IsPro: 0

 COMMAND LINE ARGUMENTS:
C:\Program Files\Unity\Hub\Editor\2020.3.4f1\Editor\Unity.exe
-adb2
-batchMode
-noUpm
-name
AssetImportWorker0
-projectPath
C:/Users/Jhoan Rodriguez/Desktop/AR-VR HBTN/holbertonschool-unity/0x06-unity-assets_ui
-logFile
Logs/AssetImportWorker0.log
-srvPort
62041
Successfully changed project path to: C:/Users/Jhoan Rodriguez/Desktop/AR-VR HBTN/holbertonschool-unity/0x06-unity-assets_ui
C:/Users/Jhoan Rodriguez/Desktop/AR-VR HBTN/holbertonschool-unity/0x06-unity-assets_ui
Using Asset Import Pipeline V2.
Refreshing native plugins compatible for Editor in 41.35 ms, found 0 plugins.
Preloading 0 native plugins for Editor in 0.00 ms.
Initialize engine version: 2020.3.4f1 (0abb6314276a)
[Subsystems] Discovering subsystems at path C:/Program Files/Unity/Hub/Editor/2020.3.4f1/Editor/Data/Resources/UnitySubsystems
[Subsystems] Discovering subsystems at path C:/Users/Jhoan Rodriguez/Desktop/AR-VR HBTN/holbertonschool-unity/0x06-unity-assets_ui/Assets
GfxDevice: creating device client; threaded=0
Direct3D:
    Version:  Direct3D 11.0 [level 11.1]
    Renderer: Radeon RX 560X (ID=0x67ef)
    Vendor:   
    VRAM:     4076 MB
    Driver:   26.20.12036.4002
Initialize mono
Mono path[0] = 'C:/Program Files/Unity/Hub/Editor/2020.3.4f1/Editor/Data/Managed'
Mono path[1] = 'C:/Program Files/Unity/Hub/Editor/2020.3.4f1/Editor/Data/MonoBleedingEdge/lib/mono/unityjit'
Mono config path = 'C:/Program Files/Unity/Hub/Editor/2020.3.4f1/Editor/Data/MonoBleedingEdge/etc'
Using monoOptions --debugger-agent=transport=dt_socket,embedding=1,server=y,suspend=n,address=127.0.0.1:56364
Begin MonoManager ReloadAssembly
Registering precompiled unity dll's ...
Register platform support module: C:/Program Files/Unity/Hub/Editor/2020.3.4f1/Editor/Data/PlaybackEngines/WebGLSupport/UnityEditor.WebGL.Extensions.dll
Register platform support module: C:/Program Files/Unity/Hub/Editor/2020.3.4f1/Editor/Data/PlaybackEngines/MacStandaloneSupport/UnityEditor.OSXStandalone.Extensions.dll
Register platform support module: C:/Program Files/Unity/Hub/Editor/2020.3.4f1/Editor/Data/PlaybackEngines/WindowsStandaloneSupport/UnityEditor.WindowsStandalone.Extensions.dll
Register platform support module: C:/Program Files/Unity/Hub/Editor/2020.3.4f1/Editor/Data/PlaybackEngines/LinuxStandaloneSupport/UnityEditor.LinuxStandalone.Extensions.dll
Registered in 0.006652 seconds.
Native extension for LinuxStandalone target not found
Native extension for WindowsStandalone target not found
Native extension for OSXStandalone target not found
Native extension for WebGL target not found
Refreshing native plugins compatible for Editor in 35.55 ms, found 0 plugins.
Preloading 0 native plugins for Editor in 0.00 ms.
Mono: successfully reloaded assembly
- Completed reload, in  2.284 seconds
Platform modules already initialized, skipping
Registering precompiled user dll's ...
Registered in 0.001088 seconds.
Begin MonoManager ReloadAssembly
Native extension for LinuxStandalone target not found
Native extension for WindowsStandalone target not found
Native extension for OSXStandalone target not found
Native extension for WebGL target not found
Refreshing native plugins compatible for Editor in 0.35 ms, found 0 plugins.
Preloading 0 native plugins for Editor in 0.00 ms.
Mono: successfully reloaded assembly
- Completed reload, in  1.180 seconds
Platform modules already initialized, skipping
========================================================================
Worker process is ready to serve import requests
Launched and connected shader compiler UnityShaderCompiler.exe after 0.07 seconds
Refreshing native plugins compatible for Editor in 0.30 ms, found 0 plugins.
Preloading 0 native plugins for Editor in 0.00 ms.
Unloading 1128 Unused Serialized files (Serialized files now loaded: 0)
System memory in use before: 59.1 MB.
System memory in use after: 59.1 MB.

Unloading 10 unused Assets to reduce memory usage. Loaded Objects now: 1575.
Total: 2.535800 ms (FindLiveObjects: 0.269800 ms CreateObjectMapping: 0.064700 ms MarkObjects: 2.085000 ms  DeleteObjects: 0.114900 ms)

========================================================================
Received Import Request.
  path: Assets/Textures/UI
  artifactKey: Guid(16ad7432c5ce7a44d8922a233c5f7b1f) Importer(815301076,1909f56bfc062723c751e8b465ee728b)
Start importing Assets/Textures/UI using Guid(16ad7432c5ce7a44d8922a233c5f7b1f) Importer(815301076,1909f56bfc062723c751e8b465ee728b)  -> (artifact id: '42fa8986a34daf83fa4a662996ebb238') in 0.018384 seconds
  Import took 0.021592 seconds .

========================================================================
Received Import Request.
  Time since last request: 115.744679 seconds.
  path: Assets/Textures/UI/bg-button.png
  artifactKey: Guid(fa0172d08a61c69409636a7bbcfb76b1) Importer(815301076,1909f56bfc062723c751e8b465ee728b)
Start importing Assets/Textures/UI/bg-button.png using Guid(fa0172d08a61c69409636a7bbcfb76b1) Importer(815301076,1909f56bfc062723c751e8b465ee728b)  -> (artifact id: '9ac8d82ad8414cb993aa9cffa5f8b57f') in 0.127933 seconds
  Import took 0.131293 seconds .

========================================================================
Received Import Request.
  Time since last request: 0.000233 seconds.
  path: Assets/Textures/UI/button-level03.png
  artifactKey: Guid(81685384974c13447a40c7ac4c460a2e) Importer(815301076,1909f56bfc062723c751e8b465ee728b)
Start importing Assets/Textures/UI/button-level03.png using Guid(81685384974c13447a40c7ac4c460a2e) Importer(815301076,1909f56bfc062723c751e8b465ee728b)  -> (artifact id: '8ead47a199f9ce0c30d3c8810d809ddc') in 0.025168 seconds
  Import took 0.028191 seconds .

========================================================================
Received Import Request.
  Time since last request: 0.000246 seconds.
  path: Assets/Textures/UI/check-toggle.png
  artifactKey: Guid(ea8e994f554b7554f939912aed82a73a) Importer(815301076,1909f56bfc062723c751e8b465ee728b)
Start importing Assets/Textures/UI/check-toggle.png using Guid(ea8e994f554b7554f939912aed82a73a) Importer(815301076,1909f56bfc062723c751e8b465ee728b)  -> (artifact id: 'b51e27d75b784af3438b794c5371ba94') in 0.024240 seconds
  Import took 0.028249 seconds .

========================================================================
Received Import Request.
  Time since last request: 0.000513 seconds.
  path: Assets/Textures/UI/sound-mute.png
  artifactKey: Guid(2bc0a36905b2d63478bdeab5ce292ca3) Importer(815301076,1909f56bfc062723c751e8b465ee728b)
Start importing Assets/Textures/UI/sound-mute.png using Guid(2bc0a36905b2d63478bdeab5ce292ca3) Importer(815301076,1909f56bfc062723c751e8b465ee728b)  -> (artifact id: '3a424fcc641660e2d2cb9b42f7016646') in 0.023422 seconds
  Import took 0.027015 seconds .

========================================================================
Received Import Request.
  Time since last request: 0.000297 seconds.
  path: Assets/Textures/UI/button-level02.png
  artifactKey: Guid(0e4f0d26b49a32b4fa8d636163344ff2) Importer(815301076,1909f56bfc062723c751e8b465ee728b)
Start importing Assets/Textures/UI/button-level02.png using Guid(0e4f0d26b49a32b4fa8d636163344ff2) Importer(815301076,1909f56bfc062723c751e8b465ee728b)  -> (artifact id: '453d707db7d0ae7f64e0f1b530b6c127') in 0.024188 seconds
  Import took 0.027630 seconds .

========================================================================
Received Import Request.
  Time since last request: 0.000256 seconds.
  path: Assets/Textures/UI/bg-menu.png
  artifactKey: Guid(9f8a2ad66d1c95445bf6d277fe8dcbd0) Importer(815301076,1909f56bfc062723c751e8b465ee728b)
Start importing Assets/Textures/UI/bg-menu.png using Guid(9f8a2ad66d1c95445bf6d277fe8dcbd0) Importer(815301076,1909f56bfc062723c751e8b465ee728b)  -> (artifact id: '02741c85240406d83d7600dffbfe4742') in 0.022242 seconds
  Import took 0.025414 seconds .

========================================================================
Received Import Request.
  Time since last request: 0.000216 seconds.
  path: Assets/Textures/UI/button-level01.png
  artifactKey: Guid(9e440a8b6a8c5054c99ea5cf6114da10) Importer(815301076,1909f56bfc062723c751e8b465ee728b)
Start importing Assets/Textures/UI/button-level01.png using Guid(9e440a8b6a8c5054c99ea5cf6114da10) Importer(815301076,1909f56bfc062723c751e8b465ee728b)  -> (artifact id: '0ba25a1154839f8c5cf273502533dcad') in 0.021240 seconds
  Import took 0.025013 seconds .

========================================================================
Received Import Request.
  Time since last request: 0.000228 seconds.
  path: Assets/Textures/UI/bg-header.png
  artifactKey: Guid(cf19b6cf7b0c049439dba0c94c87b586) Importer(815301076,1909f56bfc062723c751e8b465ee728b)
Start importing Assets/Textures/UI/bg-header.png using Guid(cf19b6cf7b0c049439dba0c94c87b586) Importer(815301076,1909f56bfc062723c751e8b465ee728b)  -> (artifact id: '06c22458089bac8036c3da037f335c78') in 0.018414 seconds
  Import took 0.021444 seconds .

========================================================================
Received Import Request.
  Time since last request: 0.000219 seconds.
  path: Assets/Textures/UI/bg-toggle.png
  artifactKey: Guid(4c61c1010b94a214593048af0d117835) Importer(815301076,1909f56bfc062723c751e8b465ee728b)
Start importing Assets/Textures/UI/bg-toggle.png using Guid(4c61c1010b94a214593048af0d117835) Importer(815301076,1909f56bfc062723c751e8b465ee728b)  -> (artifact id: '6c7befcd1ce41752b9036ea7ec2843d2') in 0.019606 seconds
  Import took 0.023560 seconds .

========================================================================
Received Import Request.
  Time since last request: 0.000219 seconds.
  path: Assets/Textures/UI/sound-full.png
  artifactKey: Guid(52f8efcd99b242b42be21f1aae208413) Importer(815301076,1909f56bfc062723c751e8b465ee728b)
Start importing Assets/Textures/UI/sound-full.png using Guid(52f8efcd99b242b42be21f1aae208413) Importer(815301076,1909f56bfc062723c751e8b465ee728b)  -> (artifact id: 'd57d844582b262aacfd846fbcb9cb690') in 0.018113 seconds
  Import took 0.021409 seconds .

========================================================================
Received Import Request.
  Time since last request: 0.000206 seconds.
  path: Assets/Textures/UI/slider-handle.png
  artifactKey: Guid(49752354529bdd849bd1ca489ea6e382) Importer(815301076,1909f56bfc062723c751e8b465ee728b)
Start importing Assets/Textures/UI/slider-handle.png using Guid(49752354529bdd849bd1ca489ea6e382) Importer(815301076,1909f56bfc062723c751e8b465ee728b)  -> (artifact id: 'd4be329b563d5a8a50967f5201ce54e0') in 0.017326 seconds
  Import took 0.019561 seconds .

========================================================================
Received Import Request.
  Time since last request: 0.004879 seconds.
  path: Assets/Textures/UI/sound-full.png
  artifactKey: Guid(52f8efcd99b242b42be21f1aae208413) Importer(815301076,1909f56bfc062723c751e8b465ee728b)
Start importing Assets/Textures/UI/sound-full.png using Guid(52f8efcd99b242b42be21f1aae208413) Importer(815301076,1909f56bfc062723c751e8b465ee728b)  -> (artifact id: 'd57d844582b262aacfd846fbcb9cb690') in 0.008680 seconds
  Import took 0.011901 seconds .

========================================================================
Received Import Request.
  Time since last request: 63.362260 seconds.
  path: Assets/Textures/UI/bg-button.png
  artifactKey: Guid(fa0172d08a61c69409636a7bbcfb76b1) Importer(815301076,1909f56bfc062723c751e8b465ee728b)
Start importing Assets/Textures/UI/bg-button.png using Guid(fa0172d08a61c69409636a7bbcfb76b1) Importer(815301076,1909f56bfc062723c751e8b465ee728b)  -> (artifact id: 'ff3be87eccd3702cda29ba6d5bda97a5') in 0.062105 seconds
  Import took 0.064748 seconds .

========================================================================
Received Import Request.
  Time since last request: 7.437910 seconds.
  path: Assets/Textures/UI/bg-header.png
  artifactKey: Guid(cf19b6cf7b0c049439dba0c94c87b586) Importer(815301076,1909f56bfc062723c751e8b465ee728b)
Start importing Assets/Textures/UI/bg-header.png using Guid(cf19b6cf7b0c049439dba0c94c87b586) Importer(815301076,1909f56bfc062723c751e8b465ee728b)  -> (artifact id: '7441992c3f172555201458b6e0ab4eb1') in 0.020259 seconds
  Import took 0.023948 seconds .

========================================================================
Received Import Request.
  Time since last request: 6.023896 seconds.
  path: Assets/Textures/UI/bg-menu.png
  artifactKey: Guid(9f8a2ad66d1c95445bf6d277fe8dcbd0) Importer(815301076,1909f56bfc062723c751e8b465ee728b)
Start importing Assets/Textures/UI/bg-menu.png using Guid(9f8a2ad66d1c95445bf6d277fe8dcbd0) Importer(815301076,1909f56bfc062723c751e8b465ee728b)  -> (artifact id: 'ebc4662d19de78975d19f90495c6bf2e') in 0.019760 seconds
  Import took 0.022663 seconds .

========================================================================
Received Import Request.
  Time since last request: 7.859260 seconds.
  path: Assets/Textures/UI/bg-toggle.png
  artifactKey: Guid(4c61c1010b94a214593048af0d117835) Importer(815301076,1909f56bfc062723c751e8b465ee728b)
Start importing Assets/Textures/UI/bg-toggle.png using Guid(4c61c1010b94a214593048af0d117835) Importer(815301076,1909f56bfc062723c751e8b465ee728b)  -> (artifact id: 'd2afb3e5015b906043a6cab9fac6443d') in 0.018161 seconds
  Import took 0.020967 seconds .

========================================================================
Received Import Request.
  Time since last request: 6.084559 seconds.
  path: Assets/Textures/UI/button-level01.png
  artifactKey: Guid(9e440a8b6a8c5054c99ea5cf6114da10) Importer(815301076,1909f56bfc062723c751e8b465ee728b)
Start importing Assets/Textures/UI/button-level01.png using Guid(9e440a8b6a8c5054c99ea5cf6114da10) Importer(815301076,1909f56bfc062723c751e8b465ee728b)  -> (artifact id: '5811c88939c198ba034b46f3c30e4520') in 0.027407 seconds
  Import took 0.030703 seconds .

========================================================================
Received Import Request.
  Time since last request: 4.794971 seconds.
  path: Assets/Textures/UI/button-level02.png
  artifactKey: Guid(0e4f0d26b49a32b4fa8d636163344ff2) Importer(815301076,1909f56bfc062723c751e8b465ee728b)
Start importing Assets/Textures/UI/button-level02.png using Guid(0e4f0d26b49a32b4fa8d636163344ff2) Importer(815301076,1909f56bfc062723c751e8b465ee728b)  -> (artifact id: '2219036c20b5a366015483ba7a9b9123') in 0.020784 seconds
  Import took 0.023740 seconds .

========================================================================
Received Import Request.
  Time since last request: 6.639572 seconds.
  path: Assets/Textures/UI/button-level03.png
  artifactKey: Guid(81685384974c13447a40c7ac4c460a2e) Importer(815301076,1909f56bfc062723c751e8b465ee728b)
Start importing Assets/Textures/UI/button-level03.png using Guid(81685384974c13447a40c7ac4c460a2e) Importer(815301076,1909f56bfc062723c751e8b465ee728b)  -> (artifact id: '3de32374d02eb431ae1fde7cf9a4d080') in 0.022015 seconds
  Import took 0.025257 seconds .

========================================================================
Received Import Request.
  Time since last request: 4.540365 seconds.
  path: Assets/Textures/UI/check-toggle.png
  artifactKey: Guid(ea8e994f554b7554f939912aed82a73a) Importer(815301076,1909f56bfc062723c751e8b465ee728b)
Start importing Assets/Textures/UI/check-toggle.png using Guid(ea8e994f554b7554f939912aed82a73a) Importer(815301076,1909f56bfc062723c751e8b465ee728b)  -> (artifact id: 'ba1162bd0b8e5dc3e802db9e3421b10d') in 0.019446 seconds
  Import took 0.022576 seconds .

========================================================================
Received Import Request.
  Time since last request: 6.686897 seconds.
  path: Assets/Textures/UI/slider-handle.png
  artifactKey: Guid(49752354529bdd849bd1ca489ea6e382) Importer(815301076,1909f56bfc062723c751e8b465ee728b)
Start importing Assets/Textures/UI/slider-handle.png using Guid(49752354529bdd849bd1ca489ea6e382) Importer(815301076,1909f56bfc062723c751e8b465ee728b)  -> (artifact id: 'ffc63e8472057a73886f4a0c7f46f226') in 0.022176 seconds
  Import took 0.025066 seconds .

========================================================================
Received Import Request.
  Time since last request: 9.903369 seconds.
  path: Assets/Textures/UI/sound-full.png
  artifactKey: Guid(52f8efcd99b242b42be21f1aae208413) Importer(815301076,1909f56bfc062723c751e8b465ee728b)
Start importing Assets/Textures/UI/sound-full.png using Guid(52f8efcd99b242b42be21f1aae208413) Importer(815301076,1909f56bfc062723c751e8b465ee728b)  -> (artifact id: 'c1fb4a8044bd0cd18107ee1b177f30c5') in 0.023765 seconds
  Import took 0.026917 seconds .

========================================================================
Received Import Request.
  Time since last request: 5.042418 seconds.
  path: Assets/Textures/UI/sound-mute.png
  artifactKey: Guid(2bc0a36905b2d63478bdeab5ce292ca3) Importer(815301076,1909f56bfc062723c751e8b465ee728b)
Start importing Assets/Textures/UI/sound-mute.png using Guid(2bc0a36905b2d63478bdeab5ce292ca3) Importer(815301076,1909f56bfc062723c751e8b465ee728b)  -> (artifact id: '014844be52ffabaa194d920070836805') in 0.018749 seconds
  Import took 0.021560 seconds .

========================================================================
Received Import Request.
  Time since last request: 29.677355 seconds.
  path: Assets/Scenes/Main Menu.unity
  artifactKey: Guid(01f4ac5d439103a4aabd3fe6223fb161) Importer(815301076,1909f56bfc062723c751e8b465ee728b)
Start importing Assets/Scenes/Main Menu.unity using Guid(01f4ac5d439103a4aabd3fe6223fb161) Importer(815301076,1909f56bfc062723c751e8b465ee728b)  -> (artifact id: 'e2c74f88353537e9cb358e8ada4cd765') in 0.016093 seconds
  Import took 0.019168 seconds .

========================================================================
Received Prepare
Registering precompiled user dll's ...
Registered in 0.003238 seconds.
Begin MonoManager ReloadAssembly
Native extension for LinuxStandalone target not found
Native extension for WindowsStandalone target not found
Native extension for OSXStandalone target not found
Native extension for WebGL target not found
Refreshing native plugins compatible for Editor in 0.31 ms, found 0 plugins.
Preloading 0 native plugins for Editor in 0.00 ms.
Mono: successfully reloaded assembly
- Completed reload, in  1.352 seconds
Platform modules already initialized, skipping
Refreshing native plugins compatible for Editor in 0.43 ms, found 0 plugins.
Preloading 0 native plugins for Editor in 0.00 ms.
Unloading 1157 Unused Serialized files (Serialized files now loaded: 0)
System memory in use before: 63.2 MB.
System memory in use after: 63.3 MB.

Unloading 5 unused Assets to reduce memory usage. Loaded Objects now: 1635.
Total: 2.955700 ms (FindLiveObjects: 0.524700 ms CreateObjectMapping: 0.060700 ms MarkObjects: 2.271300 ms  DeleteObjects: 0.095400 ms)

========================================================================
Received Import Request.
  Time since last request: 1611.674815 seconds.
  path: Assets/Textures/UI/button-level01.png
  artifactKey: Guid(9e440a8b6a8c5054c99ea5cf6114da10) Importer(815301076,1909f56bfc062723c751e8b465ee728b)
Start importing Assets/Textures/UI/button-level01.png using Guid(9e440a8b6a8c5054c99ea5cf6114da10) Importer(815301076,1909f56bfc062723c751e8b465ee728b)  -> (artifact id: '567ac90ad9993f3808d5a6ae424cd392') in 0.132040 seconds
  Import took 0.136154 seconds .

========================================================================
Received Import Request.
  Time since last request: 39.268813 seconds.
  path: Assets/Textures/UI/button-level01.png
  artifactKey: Guid(9e440a8b6a8c5054c99ea5cf6114da10) Importer(815301076,1909f56bfc062723c751e8b465ee728b)
Start importing Assets/Textures/UI/button-level01.png using Guid(9e440a8b6a8c5054c99ea5cf6114da10) Importer(815301076,1909f56bfc062723c751e8b465ee728b)  -> (artifact id: 'd9444a7a9c4a8fc537aaad3ecc2a40c7') in 0.054739 seconds
  Import took 0.057170 seconds .

========================================================================
Received Import Request.
  Time since last request: 22.353967 seconds.
  path: Assets/Textures/UI/button-level01.png
  artifactKey: Guid(9e440a8b6a8c5054c99ea5cf6114da10) Importer(815301076,1909f56bfc062723c751e8b465ee728b)
Start importing Assets/Textures/UI/button-level01.png using Guid(9e440a8b6a8c5054c99ea5cf6114da10) Importer(815301076,1909f56bfc062723c751e8b465ee728b)  -> (artifact id: '6c4b62be78e323d4f54ef2987bdd2248') in 0.027013 seconds
  Import took 0.029917 seconds .

========================================================================
Received Import Request.
  Time since last request: 326.009571 seconds.
  path: Assets/Textures/UI/button-level02.png
  artifactKey: Guid(0e4f0d26b49a32b4fa8d636163344ff2) Importer(815301076,1909f56bfc062723c751e8b465ee728b)
Start importing Assets/Textures/UI/button-level02.png using Guid(0e4f0d26b49a32b4fa8d636163344ff2) Importer(815301076,1909f56bfc062723c751e8b465ee728b)  -> (artifact id: '89e0411874a3dbd6ab987f3fce553ca0') in 0.022569 seconds
  Import took 0.025977 seconds .

========================================================================
Received Import Request.
  Time since last request: 0.001353 seconds.
  path: Assets/Textures/UI/button-level02.png
  artifactKey: Guid(0e4f0d26b49a32b4fa8d636163344ff2) Importer(815301076,1909f56bfc062723c751e8b465ee728b)
Start importing Assets/Textures/UI/button-level02.png using Guid(0e4f0d26b49a32b4fa8d636163344ff2) Importer(815301076,1909f56bfc062723c751e8b465ee728b)  -> (artifact id: '89e0411874a3dbd6ab987f3fce553ca0') in 0.016700 seconds
  Import took 0.019337 seconds .

========================================================================
Received Import Request.
  Time since last request: 4.620807 seconds.
  path: Assets/Textures/UI/button-level02.png
  artifactKey: Guid(0e4f0d26b49a32b4fa8d636163344ff2) Importer(815301076,1909f56bfc062723c751e8b465ee728b)
Start importing Assets/Textures/UI/button-level02.png using Guid(0e4f0d26b49a32b4fa8d636163344ff2) Importer(815301076,1909f56bfc062723c751e8b465ee728b)  -> (artifact id: '78c62b4b3ec2d68cfc3257060c04a091') in 0.026717 seconds
  Import took 0.029834 seconds .

========================================================================
Received Import Request.
  Time since last request: 0.000638 seconds.
  path: Assets/Textures/UI/button-level02.png
  artifactKey: Guid(0e4f0d26b49a32b4fa8d636163344ff2) Importer(815301076,1909f56bfc062723c751e8b465ee728b)
Start importing Assets/Textures/UI/button-level02.png using Guid(0e4f0d26b49a32b4fa8d636163344ff2) Importer(815301076,1909f56bfc062723c751e8b465ee728b)  -> (artifact id: '78c62b4b3ec2d68cfc3257060c04a091') in 0.031257 seconds
  Import took 0.033579 seconds .

========================================================================
Received Import Request.
  Time since last request: 11.793131 seconds.
  path: Assets/Textures/UI/button-level03.png
  artifactKey: Guid(81685384974c13447a40c7ac4c460a2e) Importer(815301076,1909f56bfc062723c751e8b465ee728b)
Start importing Assets/Textures/UI/button-level03.png using Guid(81685384974c13447a40c7ac4c460a2e) Importer(815301076,1909f56bfc062723c751e8b465ee728b)  -> (artifact id: '2d53c57367d26136903602940ba135e3') in 0.022535 seconds
  Import took 0.025006 seconds .

========================================================================
Received Import Request.
  Time since last request: 0.002180 seconds.
  path: Assets/Textures/UI/button-level03.png
  artifactKey: Guid(81685384974c13447a40c7ac4c460a2e) Importer(815301076,1909f56bfc062723c751e8b465ee728b)
Start importing Assets/Textures/UI/button-level03.png using Guid(81685384974c13447a40c7ac4c460a2e) Importer(815301076,1909f56bfc062723c751e8b465ee728b)  -> (artifact id: '2d53c57367d26136903602940ba135e3') in 0.016371 seconds
  Import took 0.019085 seconds .

========================================================================
Received Import Request.
  Time since last request: 4.312167 seconds.
  path: Assets/Textures/UI/button-level03.png
  artifactKey: Guid(81685384974c13447a40c7ac4c460a2e) Importer(815301076,1909f56bfc062723c751e8b465ee728b)
Start importing Assets/Textures/UI/button-level03.png using Guid(81685384974c13447a40c7ac4c460a2e) Importer(815301076,1909f56bfc062723c751e8b465ee728b)  -> (artifact id: 'e08d80dbef9f1036777728592a20c93c') in 0.033246 seconds
  Import took 0.036030 seconds .

========================================================================
Received Prepare
Registering precompiled user dll's ...
Registered in 0.001056 seconds.
Begin MonoManager ReloadAssembly
Native extension for LinuxStandalone target not found
Native extension for WindowsStandalone target not found
Native extension for OSXStandalone target not found
Native extension for WebGL target not found
Refreshing native plugins compatible for Editor in 0.51 ms, found 0 plugins.
Preloading 0 native plugins for Editor in 0.00 ms.
Mono: successfully reloaded assembly
- Completed reload, in  1.080 seconds
Platform modules already initialized, skipping
Refreshing native plugins compatible for Editor in 0.33 ms, found 0 plugins.
Preloading 0 native plugins for Editor in 0.00 ms.
Unloading 1157 Unused Serialized files (Serialized files now loaded: 0)
System memory in use before: 63.2 MB.
System memory in use after: 63.3 MB.

Unloading 5 unused Assets to reduce memory usage. Loaded Objects now: 1641.
Total: 2.280300 ms (FindLiveObjects: 0.194500 ms CreateObjectMapping: 0.039400 ms MarkObjects: 1.968900 ms  DeleteObjects: 0.076200 ms)

========================================================================
Received Import Request.
  Time since last request: 691.063665 seconds.
  path: Assets/Textures/UI/bg-button.png
  artifactKey: Guid(fa0172d08a61c69409636a7bbcfb76b1) Importer(815301076,1909f56bfc062723c751e8b465ee728b)
Start importing Assets/Textures/UI/bg-button.png using Guid(fa0172d08a61c69409636a7bbcfb76b1) Importer(815301076,1909f56bfc062723c751e8b465ee728b)  -> (artifact id: 'ddb6b25efd30f05c89cb1e94006322f3') in 0.054097 seconds
  Import took 0.057015 seconds .

========================================================================
Received Import Request.
  Time since last request: 67.179999 seconds.
  path: Assets/Textures/UI/bg-button.png
  artifactKey: Guid(fa0172d08a61c69409636a7bbcfb76b1) Importer(815301076,1909f56bfc062723c751e8b465ee728b)
Start importing Assets/Textures/UI/bg-button.png using Guid(fa0172d08a61c69409636a7bbcfb76b1) Importer(815301076,1909f56bfc062723c751e8b465ee728b)  -> (artifact id: 'bf93298a9e48cc84c18d38789b9d2535') in 0.046974 seconds
  Import took 0.050148 seconds .

========================================================================
Received Import Request.
  Time since last request: 0.016483 seconds.
  path: Assets/Textures/UI/bg-button.png
  artifactKey: Guid(fa0172d08a61c69409636a7bbcfb76b1) Importer(815301076,1909f56bfc062723c751e8b465ee728b)
Start importing Assets/Textures/UI/bg-button.png using Guid(fa0172d08a61c69409636a7bbcfb76b1) Importer(815301076,1909f56bfc062723c751e8b465ee728b)  -> (artifact id: 'bf93298a9e48cc84c18d38789b9d2535') in 0.016876 seconds
  Import took 0.019855 seconds .

========================================================================
Received Prepare
Registering precompiled user dll's ...
Registered in 0.001459 seconds.
Begin MonoManager ReloadAssembly
Native extension for LinuxStandalone target not found
Native extension for WindowsStandalone target not found
Native extension for OSXStandalone target not found
Native extension for WebGL target not found
Refreshing native plugins compatible for Editor in 1.06 ms, found 0 plugins.
Preloading 0 native plugins for Editor in 0.00 ms.
Mono: successfully reloaded assembly
- Completed reload, in  1.067 seconds
Platform modules already initialized, skipping
Refreshing native plugins compatible for Editor in 0.32 ms, found 0 plugins.
Preloading 0 native plugins for Editor in 0.00 ms.
Unloading 1157 Unused Serialized files (Serialized files now loaded: 0)
System memory in use before: 63.3 MB.
System memory in use after: 63.3 MB.

Unloading 5 unused Assets to reduce memory usage. Loaded Objects now: 1647.
Total: 2.599800 ms (FindLiveObjects: 0.196900 ms CreateObjectMapping: 0.041900 ms MarkObjects: 2.278500 ms  DeleteObjects: 0.080700 ms)

========================================================================
Received Import Request.
  Time since last request: 192.388024 seconds.
  path: Assets/Prefabs/OptionsButton.prefab
  artifactKey: Guid(e5860a4d581b43d4fba73b4bf9028005) Importer(815301076,1909f56bfc062723c751e8b465ee728b)
Start importing Assets/Prefabs/OptionsButton.prefab using Guid(e5860a4d581b43d4fba73b4bf9028005) Importer(815301076,1909f56bfc062723c751e8b465ee728b)  -> (artifact id: '0fc743116be19d242bd70b69e046f42b') in 0.070879 seconds
  Import took 0.073755 seconds .

========================================================================
Received Import Request.
  Time since last request: 0.010663 seconds.
  path: Assets/Prefabs/OptionsButton.prefab
  artifactKey: Guid(e5860a4d581b43d4fba73b4bf9028005) Importer(815301076,1909f56bfc062723c751e8b465ee728b)
Start importing Assets/Prefabs/OptionsButton.prefab using Guid(e5860a4d581b43d4fba73b4bf9028005) Importer(815301076,1909f56bfc062723c751e8b465ee728b)  -> (artifact id: '0fc743116be19d242bd70b69e046f42b') in 0.009345 seconds
  Import took 0.012878 seconds .

========================================================================
Received Prepare
Registering precompiled user dll's ...
Registered in 0.001025 seconds.
Begin MonoManager ReloadAssembly
Native extension for LinuxStandalone target not found
Native extension for WindowsStandalone target not found
Native extension for OSXStandalone target not found
Native extension for WebGL target not found
Refreshing native plugins compatible for Editor in 0.45 ms, found 0 plugins.
Preloading 0 native plugins for Editor in 0.00 ms.
Mono: successfully reloaded assembly
- Completed reload, in  1.061 seconds
Platform modules already initialized, skipping
Refreshing native plugins compatible for Editor in 0.33 ms, found 0 plugins.
Preloading 0 native plugins for Editor in 0.00 ms.
Unloading 1157 Unused Serialized files (Serialized files now loaded: 0)
System memory in use before: 63.3 MB.
System memory in use after: 63.4 MB.

Unloading 5 unused Assets to reduce memory usage. Loaded Objects now: 1650.
Total: 2.404100 ms (FindLiveObjects: 0.213300 ms CreateObjectMapping: 0.041800 ms MarkObjects: 2.067900 ms  DeleteObjects: 0.079800 ms)

========================================================================
Received Import Request.
  Time since last request: 128.866220 seconds.
  path: Assets/Prefabs/ExitButton Variant.prefab
  artifactKey: Guid(dfb0b6895942ee043878ed5734ea5e25) Importer(815301076,1909f56bfc062723c751e8b465ee728b)
Start importing Assets/Prefabs/ExitButton Variant.prefab using Guid(dfb0b6895942ee043878ed5734ea5e25) Importer(815301076,1909f56bfc062723c751e8b465ee728b)  -> (artifact id: '00dd638f06d90f2e9531750ab45a1f16') in 0.058613 seconds
  Import took 0.061401 seconds .

AssetImportWorkerClient::OnTransportError - code=2 error=End of file
