Using pre-set license
Built from '2020.3/staging' branch; Version is '2020.3.4f1 (0abb6314276a) revision 703331'; Using compiler version '192528614'; Build Type 'Release'
OS: 'Windows 10 Home; OS build 19042.1052; Version 2009; 64bit' Language: 'es' Physical Memory: 7873 MB
BatchMode: 1, IsHumanControllingUs: 0, StartBugReporterOnCrash: 0, Is64bit: 1, IsPro: 0

 COMMAND LINE ARGUMENTS:
C:\Program Files\Unity\Hub\Editor\2020.3.4f1\Editor\Unity.exe
-adb2
-batchMode
-noUpm
-name
AssetImportWorker0
-projectPath
C:/Users/Jhoan Rodriguez/Desktop/AR-VR HBTN/holbertonschool-unity/0x06-unity-assets_ui
-logFile
Logs/AssetImportWorker0.log
-srvPort
53361
Successfully changed project path to: C:/Users/Jhoan Rodriguez/Desktop/AR-VR HBTN/holbertonschool-unity/0x06-unity-assets_ui
C:/Users/Jhoan Rodriguez/Desktop/AR-VR HBTN/holbertonschool-unity/0x06-unity-assets_ui
Using Asset Import Pipeline V2.
Refreshing native plugins compatible for Editor in 40.78 ms, found 0 plugins.
Preloading 0 native plugins for Editor in 0.00 ms.
Initialize engine version: 2020.3.4f1 (0abb6314276a)
[Subsystems] Discovering subsystems at path C:/Program Files/Unity/Hub/Editor/2020.3.4f1/Editor/Data/Resources/UnitySubsystems
[Subsystems] Discovering subsystems at path C:/Users/Jhoan Rodriguez/Desktop/AR-VR HBTN/holbertonschool-unity/0x06-unity-assets_ui/Assets
GfxDevice: creating device client; threaded=0
Direct3D:
    Version:  Direct3D 11.0 [level 11.1]
    Renderer: Radeon RX 560X (ID=0x67ef)
    Vendor:   
    VRAM:     4076 MB
    Driver:   26.20.12036.4002
Initialize mono
Mono path[0] = 'C:/Program Files/Unity/Hub/Editor/2020.3.4f1/Editor/Data/Managed'
Mono path[1] = 'C:/Program Files/Unity/Hub/Editor/2020.3.4f1/Editor/Data/MonoBleedingEdge/lib/mono/unityjit'
Mono config path = 'C:/Program Files/Unity/Hub/Editor/2020.3.4f1/Editor/Data/MonoBleedingEdge/etc'
Using monoOptions --debugger-agent=transport=dt_socket,embedding=1,server=y,suspend=n,address=127.0.0.1:56144
Begin MonoManager ReloadAssembly
Registering precompiled unity dll's ...
Register platform support module: C:/Program Files/Unity/Hub/Editor/2020.3.4f1/Editor/Data/PlaybackEngines/WebGLSupport/UnityEditor.WebGL.Extensions.dll
Register platform support module: C:/Program Files/Unity/Hub/Editor/2020.3.4f1/Editor/Data/PlaybackEngines/MacStandaloneSupport/UnityEditor.OSXStandalone.Extensions.dll
Register platform support module: C:/Program Files/Unity/Hub/Editor/2020.3.4f1/Editor/Data/PlaybackEngines/WindowsStandaloneSupport/UnityEditor.WindowsStandalone.Extensions.dll
Register platform support module: C:/Program Files/Unity/Hub/Editor/2020.3.4f1/Editor/Data/PlaybackEngines/LinuxStandaloneSupport/UnityEditor.LinuxStandalone.Extensions.dll
Registered in 0.009737 seconds.
Native extension for LinuxStandalone target not found
Native extension for WindowsStandalone target not found
Native extension for OSXStandalone target not found
Native extension for WebGL target not found
Refreshing native plugins compatible for Editor in 46.40 ms, found 0 plugins.
Preloading 0 native plugins for Editor in 0.00 ms.
Mono: successfully reloaded assembly
- Completed reload, in  4.018 seconds
Platform modules already initialized, skipping
Registering precompiled user dll's ...
Registered in 0.002848 seconds.
Begin MonoManager ReloadAssembly
Native extension for LinuxStandalone target not found
Native extension for WindowsStandalone target not found
Native extension for OSXStandalone target not found
Native extension for WebGL target not found
Refreshing native plugins compatible for Editor in 0.35 ms, found 0 plugins.
Preloading 0 native plugins for Editor in 0.00 ms.
Mono: successfully reloaded assembly
- Completed reload, in  1.458 seconds
Platform modules already initialized, skipping
========================================================================
Worker process is ready to serve import requests
Launched and connected shader compiler UnityShaderCompiler.exe after 0.09 seconds
Refreshing native plugins compatible for Editor in 0.40 ms, found 0 plugins.
Preloading 0 native plugins for Editor in 0.00 ms.
Unloading 1128 Unused Serialized files (Serialized files now loaded: 0)
System memory in use before: 59.1 MB.
System memory in use after: 59.1 MB.

Unloading 10 unused Assets to reduce memory usage. Loaded Objects now: 1575.
Total: 4.681900 ms (FindLiveObjects: 0.235600 ms CreateObjectMapping: 0.050600 ms MarkObjects: 4.214700 ms  DeleteObjects: 0.178300 ms)

========================================================================
Received Import Request.
  path: Assets/Fonts
  artifactKey: Guid(e68ecc35bb2f19946a3209bb518021da) Importer(815301076,1909f56bfc062723c751e8b465ee728b)
Start importing Assets/Fonts using Guid(e68ecc35bb2f19946a3209bb518021da) Importer(815301076,1909f56bfc062723c751e8b465ee728b)  -> (artifact id: '5734206c84b5584ea6415ff5f3b6f723') in 0.033761 seconds
  Import took 0.040597 seconds .

========================================================================
Received Import Request.
  Time since last request: 44.685941 seconds.
  path: Assets/Fonts/Changa
  artifactKey: Guid(480b287d8770d374e90f8fee221ce3c6) Importer(815301076,1909f56bfc062723c751e8b465ee728b)
Start importing Assets/Fonts/Changa using Guid(480b287d8770d374e90f8fee221ce3c6) Importer(815301076,1909f56bfc062723c751e8b465ee728b)  -> (artifact id: '08e5cd7959c139396cd047ab125a6c4e') in 0.015374 seconds
  Import took 0.020729 seconds .

========================================================================
Received Import Request.
  Time since last request: 37.448631 seconds.
  path: Assets/Fonts/Changa/Changa-Bold.ttf
  artifactKey: Guid(587897c18efc444439055aa88d64113a) Importer(815301076,1909f56bfc062723c751e8b465ee728b)
Start importing Assets/Fonts/Changa/Changa-Bold.ttf using Guid(587897c18efc444439055aa88d64113a) Importer(815301076,1909f56bfc062723c751e8b465ee728b)  -> (artifact id: 'f3bd8a7cf254ff4034941500a7ced7d7') in 0.372326 seconds
  Import took 0.376605 seconds .

========================================================================
Received Import Request.
  Time since last request: 0.001201 seconds.
  path: Assets/Fonts/Changa/Changa-ExtraLight.ttf
  artifactKey: Guid(55c49c8c09b30834898219a63a32bc5d) Importer(815301076,1909f56bfc062723c751e8b465ee728b)
Start importing Assets/Fonts/Changa/Changa-ExtraLight.ttf using Guid(55c49c8c09b30834898219a63a32bc5d) Importer(815301076,1909f56bfc062723c751e8b465ee728b)  -> (artifact id: 'b1fffe4b43567562bff2376fdcb75226') in 0.029141 seconds
  Import took 0.032834 seconds .

========================================================================
Received Import Request.
  Time since last request: 0.000778 seconds.
  path: Assets/Fonts/Changa/Changa-Medium.ttf
  artifactKey: Guid(a0b35c7aa15882c4a89cb37676700b3f) Importer(815301076,1909f56bfc062723c751e8b465ee728b)
Start importing Assets/Fonts/Changa/Changa-Medium.ttf using Guid(a0b35c7aa15882c4a89cb37676700b3f) Importer(815301076,1909f56bfc062723c751e8b465ee728b)  -> (artifact id: '6b58a24ef615dd9f12cdeef0c11579cc') in 0.096073 seconds
  Import took 0.101067 seconds .

========================================================================
Received Import Request.
  Time since last request: 0.000911 seconds.
  path: Assets/Fonts/Changa/Changa-ExtraBold.ttf
  artifactKey: Guid(c9c5ab58c930a3440a1dd87312e80bcb) Importer(815301076,1909f56bfc062723c751e8b465ee728b)
Start importing Assets/Fonts/Changa/Changa-ExtraBold.ttf using Guid(c9c5ab58c930a3440a1dd87312e80bcb) Importer(815301076,1909f56bfc062723c751e8b465ee728b)  -> (artifact id: 'ec7ecc551af68e674a2251ccd583a428') in 0.059744 seconds
  Import took 0.067689 seconds .

========================================================================
Received Import Request.
  Time since last request: 0.001532 seconds.
  path: Assets/Fonts/Changa/Changa-Regular.ttf
  artifactKey: Guid(945106a2bf2f1304384a0024e2381258) Importer(815301076,1909f56bfc062723c751e8b465ee728b)
Start importing Assets/Fonts/Changa/Changa-Regular.ttf using Guid(945106a2bf2f1304384a0024e2381258) Importer(815301076,1909f56bfc062723c751e8b465ee728b)  -> (artifact id: 'a0c50e4002415ce67fa0884f9c63ffd6') in 0.069272 seconds
  Import took 0.076089 seconds .

========================================================================
Received Import Request.
  Time since last request: 0.001117 seconds.
  path: Assets/Fonts/Changa/Changa-SemiBold.ttf
  artifactKey: Guid(639e0842efe68964898a581ae7deb010) Importer(815301076,1909f56bfc062723c751e8b465ee728b)
Start importing Assets/Fonts/Changa/Changa-SemiBold.ttf using Guid(639e0842efe68964898a581ae7deb010) Importer(815301076,1909f56bfc062723c751e8b465ee728b)  -> (artifact id: '469cb2f29f3457fd8de76aeddbdcd89c') in 0.053511 seconds
  Import took 0.058101 seconds .

========================================================================
Received Import Request.
  Time since last request: 0.001447 seconds.
  path: Assets/Fonts/Changa/Changa-Light.ttf
  artifactKey: Guid(fe036358a8d8f064f86565aa28b42dd5) Importer(815301076,1909f56bfc062723c751e8b465ee728b)
Start importing Assets/Fonts/Changa/Changa-Light.ttf using Guid(fe036358a8d8f064f86565aa28b42dd5) Importer(815301076,1909f56bfc062723c751e8b465ee728b)  -> (artifact id: '8d10757ad0414458a983c91af1bed01a') in 0.143835 seconds
  Import took 0.159596 seconds .

========================================================================
Received Import Request.
  Time since last request: 51.282387 seconds.
  path: Assets/Fonts/Changa/Changa-VariableFont_wght.ttf
  artifactKey: Guid(92f8a3fb7771d6141b4ff7592153fc57) Importer(815301076,1909f56bfc062723c751e8b465ee728b)
Start importing Assets/Fonts/Changa/Changa-VariableFont_wght.ttf using Guid(92f8a3fb7771d6141b4ff7592153fc57) Importer(815301076,1909f56bfc062723c751e8b465ee728b)  -> (artifact id: 'bd28d8a8a98588851f4ae5279d84bfbb') in 0.028457 seconds
  Import took 0.032303 seconds .

