Using pre-set license
Built from '2020.3/staging' branch; Version is '2020.3.4f1 (0abb6314276a) revision 703331'; Using compiler version '192528614'; Build Type 'Release'
OS: 'Windows 10 Home; OS build 19042.964; Version 2009; 64bit' Language: 'es' Physical Memory: 7873 MB
BatchMode: 1, IsHumanControllingUs: 0, StartBugReporterOnCrash: 0, Is64bit: 1, IsPro: 0

 COMMAND LINE ARGUMENTS:
C:\Program Files\Unity\Hub\Editor\2020.3.4f1\Editor\Unity.exe
-adb2
-batchMode
-noUpm
-name
AssetImportWorker0
-projectPath
C:/Users/Jhoan Rodriguez/Desktop/AR-VR HBTN/holbertonschool-unity/0x02-unity-scripting
-logFile
Logs/AssetImportWorker0.log
-srvPort
55451
Successfully changed project path to: C:/Users/Jhoan Rodriguez/Desktop/AR-VR HBTN/holbertonschool-unity/0x02-unity-scripting
C:/Users/Jhoan Rodriguez/Desktop/AR-VR HBTN/holbertonschool-unity/0x02-unity-scripting
Using Asset Import Pipeline V2.
Refreshing native plugins compatible for Editor in 54.00 ms, found 0 plugins.
Preloading 0 native plugins for Editor in 0.00 ms.
Initialize engine version: 2020.3.4f1 (0abb6314276a)
[Subsystems] Discovering subsystems at path C:/Program Files/Unity/Hub/Editor/2020.3.4f1/Editor/Data/Resources/UnitySubsystems
[Subsystems] Discovering subsystems at path C:/Users/Jhoan Rodriguez/Desktop/AR-VR HBTN/holbertonschool-unity/0x02-unity-scripting/Assets
GfxDevice: creating device client; threaded=0
Direct3D:
    Version:  Direct3D 11.0 [level 11.1]
    Renderer: Radeon RX 560X (ID=0x67ef)
    Vendor:   
    VRAM:     4076 MB
    Driver:   26.20.12036.4002
Initialize mono
Mono path[0] = 'C:/Program Files/Unity/Hub/Editor/2020.3.4f1/Editor/Data/Managed'
Mono path[1] = 'C:/Program Files/Unity/Hub/Editor/2020.3.4f1/Editor/Data/MonoBleedingEdge/lib/mono/unityjit'
Mono config path = 'C:/Program Files/Unity/Hub/Editor/2020.3.4f1/Editor/Data/MonoBleedingEdge/etc'
Using monoOptions --debugger-agent=transport=dt_socket,embedding=1,server=y,suspend=n,address=127.0.0.1:56912
Begin MonoManager ReloadAssembly
Registering precompiled unity dll's ...
Register platform support module: C:/Program Files/Unity/Hub/Editor/2020.3.4f1/Editor/Data/PlaybackEngines/WindowsStandaloneSupport/UnityEditor.WindowsStandalone.Extensions.dll
Register platform support module: C:/Program Files/Unity/Hub/Editor/2020.3.4f1/Editor/Data/PlaybackEngines/LinuxStandaloneSupport/UnityEditor.LinuxStandalone.Extensions.dll
Registered in 0.003804 seconds.
Native extension for LinuxStandalone target not found
Native extension for WindowsStandalone target not found
Refreshing native plugins compatible for Editor in 46.05 ms, found 0 plugins.
Preloading 0 native plugins for Editor in 0.00 ms.
Mono: successfully reloaded assembly
- Completed reload, in  1.532 seconds
Platform modules already initialized, skipping
Registering precompiled user dll's ...
Registered in 0.003107 seconds.
Begin MonoManager ReloadAssembly
Native extension for LinuxStandalone target not found
Native extension for WindowsStandalone target not found
Refreshing native plugins compatible for Editor in 1.14 ms, found 0 plugins.
Preloading 0 native plugins for Editor in 0.00 ms.
Mono: successfully reloaded assembly
- Completed reload, in  1.581 seconds
Platform modules already initialized, skipping
========================================================================
Worker process is ready to serve import requests
Launched and connected shader compiler UnityShaderCompiler.exe after 0.09 seconds
Refreshing native plugins compatible for Editor in 0.65 ms, found 0 plugins.
Preloading 0 native plugins for Editor in 0.00 ms.
Unloading 1413 Unused Serialized files (Serialized files now loaded: 0)
System memory in use before: 65.4 MB.
System memory in use after: 65.4 MB.

Unloading 33 unused Assets to reduce memory usage. Loaded Objects now: 1843.
Total: 3.084300 ms (FindLiveObjects: 0.316500 ms CreateObjectMapping: 0.071300 ms MarkObjects: 2.593600 ms  DeleteObjects: 0.101100 ms)

========================================================================
Received Import Request.
  path: Assets/maze.unity
  artifactKey: Guid(90e0410ef64dca34bab9040a45a08f7b) Importer(815301076,1909f56bfc062723c751e8b465ee728b)
Start importing Assets/maze.unity using Guid(90e0410ef64dca34bab9040a45a08f7b) Importer(815301076,1909f56bfc062723c751e8b465ee728b)  -> (artifact id: '1efc165b250bc7b591db6c62ddf39aae') in 0.024091 seconds
  Import took 0.027689 seconds .

========================================================================
Received Import Request.
  Time since last request: 93.074768 seconds.
  path: Assets/Materials
  artifactKey: Guid(12cb1d450915de04dba9a62ea5e6e8b5) Importer(815301076,1909f56bfc062723c751e8b465ee728b)
Start importing Assets/Materials using Guid(12cb1d450915de04dba9a62ea5e6e8b5) Importer(815301076,1909f56bfc062723c751e8b465ee728b)  -> (artifact id: 'beab3f7abd448b9bb5ae8d4e997bc6d3') in 0.011681 seconds
  Import took 0.016520 seconds .

========================================================================
Received Import Request.
  Time since last request: 0.001383 seconds.
  path: Assets/Materials
  artifactKey: Guid(12cb1d450915de04dba9a62ea5e6e8b5) Importer(815301076,1909f56bfc062723c751e8b465ee728b)
Start importing Assets/Materials using Guid(12cb1d450915de04dba9a62ea5e6e8b5) Importer(815301076,1909f56bfc062723c751e8b465ee728b)  -> (artifact id: 'beab3f7abd448b9bb5ae8d4e997bc6d3') in 0.004401 seconds
  Import took 0.007158 seconds .

========================================================================
Received Import Request.
  Time since last request: 0.035896 seconds.
  path: Assets/Materials/floor.mat
  artifactKey: Guid(ce7f835ac461fd34e9317a05125276f0) Importer(815301076,1909f56bfc062723c751e8b465ee728b)
Start importing Assets/Materials/floor.mat using Guid(ce7f835ac461fd34e9317a05125276f0) Importer(815301076,1909f56bfc062723c751e8b465ee728b)  -> (artifact id: '2170cd0986855045a57791d1bc3d30c8') in 0.382912 seconds
  Import took 0.386893 seconds .

========================================================================
Received Prepare
Registering precompiled user dll's ...
Registered in 0.007086 seconds.
Begin MonoManager ReloadAssembly
Native extension for LinuxStandalone target not found
Native extension for WindowsStandalone target not found
Refreshing native plugins compatible for Editor in 0.49 ms, found 0 plugins.
Preloading 0 native plugins for Editor in 0.00 ms.
Mono: successfully reloaded assembly
- Completed reload, in  1.250 seconds
Platform modules already initialized, skipping
Refreshing native plugins compatible for Editor in 0.63 ms, found 0 plugins.
Preloading 0 native plugins for Editor in 0.00 ms.
Unloading 1407 Unused Serialized files (Serialized files now loaded: 0)
System memory in use before: 68.5 MB.
System memory in use after: 68.7 MB.

Unloading 24 unused Assets to reduce memory usage. Loaded Objects now: 1886.
Total: 2.175500 ms (FindLiveObjects: 0.234000 ms CreateObjectMapping: 0.052200 ms MarkObjects: 1.864200 ms  DeleteObjects: 0.023700 ms)

========================================================================
Received Import Request.
  Time since last request: 1056.788438 seconds.
  path: Assets/Materials/player.mat
  artifactKey: Guid(c2f7ad392637dc7438bb0493d7b359be) Importer(815301076,1909f56bfc062723c751e8b465ee728b)
Start importing Assets/Materials/player.mat using Guid(c2f7ad392637dc7438bb0493d7b359be) Importer(815301076,1909f56bfc062723c751e8b465ee728b)  -> (artifact id: '08e4292ea990b21be5102ebcee42f508') in 0.110462 seconds
  Import took 0.113863 seconds .

========================================================================
Received Import Request.
  Time since last request: 63.524256 seconds.
  path: Assets
  artifactKey: Guid(00000000000000001000000000000000) Importer(815301076,1909f56bfc062723c751e8b465ee728b)
Start importing Assets using Guid(00000000000000001000000000000000) Importer(815301076,1909f56bfc062723c751e8b465ee728b)  -> (artifact id: '025e4f587c23674256bb898581e82961') in 0.013456 seconds
  Import took 0.018256 seconds .

========================================================================
Received Import Request.
  Time since last request: 8.666376 seconds.
  path: Assets/Scripts.cs
  artifactKey: Guid(bf8b927bab49536458d90cfd6ac02be0) Importer(815301076,1909f56bfc062723c751e8b465ee728b)
Start importing Assets/Scripts.cs using Guid(bf8b927bab49536458d90cfd6ac02be0) Importer(815301076,1909f56bfc062723c751e8b465ee728b)  -> (artifact id: '3287a7421a31471efadcbb49d44ca9f9') in 0.023600 seconds
  Import took 0.026820 seconds .

========================================================================
Received Prepare
Registering precompiled user dll's ...
Registered in 0.002605 seconds.
Begin MonoManager ReloadAssembly
Native extension for LinuxStandalone target not found
Native extension for WindowsStandalone target not found
Refreshing native plugins compatible for Editor in 0.47 ms, found 0 plugins.
Preloading 0 native plugins for Editor in 0.00 ms.
Mono: successfully reloaded assembly
- Completed reload, in  1.234 seconds
Platform modules already initialized, skipping
Refreshing native plugins compatible for Editor in 0.47 ms, found 0 plugins.
Preloading 0 native plugins for Editor in 0.00 ms.
Unloading 1407 Unused Serialized files (Serialized files now loaded: 0)
System memory in use before: 68.6 MB.
System memory in use after: 68.7 MB.

Unloading 24 unused Assets to reduce memory usage. Loaded Objects now: 1890.
Total: 2.389000 ms (FindLiveObjects: 0.202300 ms CreateObjectMapping: 0.037200 ms MarkObjects: 2.119900 ms  DeleteObjects: 0.028300 ms)

========================================================================
Received Import Request.
  Time since last request: 13.187383 seconds.
  path: Assets/Scripts
  artifactKey: Guid(fbf628753244a6940b3055be06416666) Importer(815301076,1909f56bfc062723c751e8b465ee728b)
Start importing Assets/Scripts using Guid(fbf628753244a6940b3055be06416666) Importer(815301076,1909f56bfc062723c751e8b465ee728b)  -> (artifact id: 'd28e66dcfad5ca2047aa4a1a086f37d2') in 0.010046 seconds
  Import took 0.013806 seconds .

========================================================================
Received Import Request.
  Time since last request: 12.265217 seconds.
  path: Assets/Scripts/PlayerController.cs
  artifactKey: Guid(dff142b27270daf48b3e33c8d4f14efa) Importer(815301076,1909f56bfc062723c751e8b465ee728b)
Start importing Assets/Scripts/PlayerController.cs using Guid(dff142b27270daf48b3e33c8d4f14efa) Importer(815301076,1909f56bfc062723c751e8b465ee728b)  -> (artifact id: '9373e3ba19a87bf5f66cbf749faf33ab') in 0.010911 seconds
  Import took 0.014627 seconds .

========================================================================
Received Prepare
Registering precompiled user dll's ...
Registered in 0.004023 seconds.
Begin MonoManager ReloadAssembly
Native extension for LinuxStandalone target not found
Native extension for WindowsStandalone target not found
Refreshing native plugins compatible for Editor in 0.59 ms, found 0 plugins.
Preloading 0 native plugins for Editor in 0.00 ms.
Mono: successfully reloaded assembly
- Completed reload, in  1.172 seconds
Platform modules already initialized, skipping
Refreshing native plugins compatible for Editor in 0.48 ms, found 0 plugins.
Preloading 0 native plugins for Editor in 0.00 ms.
Unloading 1408 Unused Serialized files (Serialized files now loaded: 0)
System memory in use before: 68.6 MB.
System memory in use after: 68.7 MB.

Unloading 24 unused Assets to reduce memory usage. Loaded Objects now: 1894.
Total: 2.186600 ms (FindLiveObjects: 0.245700 ms CreateObjectMapping: 0.050400 ms MarkObjects: 1.865900 ms  DeleteObjects: 0.023100 ms)

AssetImportWorkerClient::OnTransportError - code=2 error=End of file
